#
# A fatal error has been detected by the Java Runtime Environment:
#
#  SIGILL (0x4) at pc=0x000000408d473260, pid=18, tid=0x0000004002aa8700
#
# JRE version: OpenJDK Runtime Environment (8.0_222-b10) (build 1.8.0_222-b10)
# Java VM: OpenJDK 64-Bit Server VM (25.222-b10 mixed mode linux-amd64 compressed oops)
# Problematic frame:
# C  0x000000408d473260
#
# Failed to write core dump. Core dumps have been disabled. To enable core dumping, try "ulimit -c unlimited" before starting Java again
#
# If you would like to submit a bug report, please visit:
#   http://bugreport.java.com/bugreport/crash.jsp
#

---------------  T H R E A D  ---------------

Current thread (0x000000400400a800):  JavaThread "main" [_thread_in_Java, id=143, stack(0x00000040026a9000,0x0000004002aa9000)]

siginfo: si_signo: 4 (SIGILL), si_code: 2 (ILL_ILLOPN), si_addr: 0x000000408d473260

Registers:
RAX=0x0000000000000000, RBX=0x00000040366cb6e8, RCX=0x0000000100010248, RDX=0x00000000eeaa8630
RSP=0x0000004002aa28b8, RBP=0x0000004002aa2900, RSI=0x00000000edffbed8, RDI=0x00000001002a45a0
R8 =0x000000408d413e50, R9 =0x0000000000000008, R10=0x0000004002373b60, R11=0x000000400bf448c0
R12=0x0000000000000000, R13=0x0000004002aa2888, R14=0x0000004002aa2900, R15=0x000000400400a800
RIP=0x000000408d473260, EFLAGS=0x0000000000000246, CSGSFS=0x002b000000000033, ERR=0x0000000000000000
  TRAPNO=0xffffffffffffffff

Top of Stack: (sp=0x0000004002aa28b8)
0x0000004002aa28b8:   0000000000000000 000000408da558c8
0x0000004002aa28c8:   0000004002aa2888 0000004002aa28f8
0x0000004002aa28d8:   0000004002aa2948 000000400bb637d0
0x0000004002aa28e8:   00000000edffbed8 0000000000000023
0x0000004002aa28f8:   00000000eeaa8630 00000000ee922d80
0x0000004002aa2908:   0000004002aa2908 000000408dd0f792
0x0000004002aa2918:   0000004002aa2960 000000408d473260
0x0000004002aa2928:   0000000000000000 000000408dd0f7c0
0x0000004002aa2938:   0000004002aa28f8 0000004002aa2958
0x0000004002aa2948:   0000004002aa29a8 000000400bb637d0
0x0000004002aa2958:   00000000eeaa8630 00000000ee922d80
0x0000004002aa2968:   0000004002aa2968 000000408dd115d2
0x0000004002aa2978:   0000004002aa29c0 000000408d413eb0
0x0000004002aa2988:   0000000000000000 000000408dd11600
0x0000004002aa2998:   0000004002aa2958 0000004002aa29b8
0x0000004002aa29a8:   0000004002aa2a08 000000400bb63815
0x0000004002aa29b8:   00000000eeaa8630 00000000ee922d80
0x0000004002aa29c8:   0000004002aa29c8 000000408dd0f6d8
0x0000004002aa29d8:   0000004002aa2a20 000000408d473260
0x0000004002aa29e8:   0000000000000000 000000408dd0f708
0x0000004002aa29f8:   0000004002aa29b8 0000004002aa2a18
0x0000004002aa2a08:   0000004002aa2a68 000000400bb637d0
0x0000004002aa2a18:   00000000eeaa8630 00000000ee922d80
0x0000004002aa2a28:   0000004002aa2a28 000000408d4286f2
0x0000004002aa2a38:   0000004002aa2a80 000000408d473260
0x0000004002aa2a48:   0000000000000000 000000408dd0f648
0x0000004002aa2a58:   0000004002aa2a18 0000004002aa2a78
0x0000004002aa2a68:   0000004002aa2ac8 000000400bb637d0
0x0000004002aa2a78:   00000000eeaa8630 00000000ee922d80
0x0000004002aa2a88:   0000004002aa2a88 000000408dd1151a
0x0000004002aa2a98:   0000004002aa2ae0 000000408d413eb0
0x0000004002aa2aa8:   0000000000000000 000000408dd11548 

Instructions: (pc=0x000000408d473260)
0x000000408d473240:   01 0c 0b 01 0c 0b 01 0c 0b 01 0c 0b 01 01 01 01
0x000000408d473250:   01 01 01 01 01 01 01 01 00 00 00 00 00 00 00 00
0x000000408d473260:   07 00 00 00 00 00 00 00 30 21 3d 8d 40 00 00 00
0x000000408d473270:   2b 00 b2 b3 ff ff ff ff 38 9e 36 00 01 00 00 00 

Register to memory mapping:

RAX=0x0000000000000000 is an unknown value
RBX={method} {0x00000040366cb6e8} 'equals' '(Ljava/lang/Object;)Z' in 'java/lang/Object'
RCX=0x0000000100010248 is pointing into metadata
RDX=0x00000000eeaa8630 is an oop
scala.reflect.internal.Names$TermName 
 - klass: 'scala/reflect/internal/Names$TermName'
RSP=0x0000004002aa28b8 is pointing into the stack for thread: 0x000000400400a800
RBP=0x0000004002aa2900 is pointing into the stack for thread: 0x000000400400a800
RSI=0x00000000edffbed8 is an oop
scala.reflect.internal.Names$TermName 
 - klass: 'scala/reflect/internal/Names$TermName'
RDI=0x00000001002a45a0 is pointing into metadata
R8 ={method} {0x000000408d413e50} 'improve' '(II)I' in 'scala/collection/mutable/FlatHashTable$HashUtils'
R9 =0x0000000000000008 is an unknown value
R10=0x0000004002373b60: <offset 0xf3ab60> in /usr/local/openjdk-8/jre/lib/amd64/server/libjvm.so at 0x0000004001439000
R11=0x000000400bf448c0 is at entry_point+0 in (nmethod*)0x000000400bf44750
R12=0x0000000000000000 is an unknown value
R13=0x0000004002aa2888 is pointing into the stack for thread: 0x000000400400a800
R14=0x0000004002aa2900 is pointing into the stack for thread: 0x000000400400a800
R15=0x000000400400a800 is a thread


Stack: [0x00000040026a9000,0x0000004002aa9000],  sp=0x0000004002aa28b8,  free space=4070k
Native frames: (J=compiled Java code, j=interpreted, Vv=VM code, C=native code)
C  0x000000408d473260
C  0x0000004002aa2908


---------------  P R O C E S S  ---------------

Java Threads: ( => current thread )
  0x000000400478d800 JavaThread "sbt-parser-init-thread" daemon [_thread_blocked, id=157, stack(0x0000004084fad000,0x00000040853ae000)]
  0x00000040041aa800 JavaThread "Service Thread" daemon [_thread_blocked, id=155, stack(0x0000004071285000,0x0000004071686000)]
  0x0000004004185800 JavaThread "C1 CompilerThread2" daemon [_thread_in_vm, id=154, stack(0x0000004069185000,0x0000004069285000)]
  0x0000004004183800 JavaThread "C2 CompilerThread1" daemon [_thread_blocked, id=153, stack(0x0000004061084000,0x0000004061184000)]
  0x0000004004180800 JavaThread "C2 CompilerThread0" daemon [_thread_blocked, id=152, stack(0x0000004058f83000,0x0000004059083000)]
  0x000000400417f000 JavaThread "Signal Dispatcher" daemon [_thread_blocked, id=151, stack(0x0000004050b81000,0x0000004050f82000)]
  0x000000400414b000 JavaThread "Finalizer" daemon [_thread_blocked, id=150, stack(0x00000040485ca000,0x00000040489cb000)]
  0x0000004004148800 JavaThread "Reference Handler" daemon [_thread_blocked, id=149, stack(0x00000040401c9000,0x00000040405ca000)]
=>0x000000400400a800 JavaThread "main" [_thread_in_Java, id=143, stack(0x00000040026a9000,0x0000004002aa9000)]

Other Threads:
  0x000000400413f000 VMThread [stack: 0x00000040380c9000,0x00000040381c9000] [id=148]
  0x00000040041ad800 WatcherThread [stack: 0x0000004079687000,0x0000004079787000] [id=156]

VM state:synchronizing (normal execution)

VM Mutex/Monitor currently owned by a thread:  ([mutex/lock_event])
[0x0000004004006a20] Safepoint_lock - owner thread: 0x000000400413f000
[0x0000004004006aa0] Threads_lock - owner thread: 0x000000400413f000
[0x0000004004007120] CompiledIC_lock - owner thread: 0x000000400478d800

heap address: 0x00000000c0000000, size: 1024 MB, Compressed Oops mode: 32-bit
Narrow klass base: 0x0000000000000000, Narrow klass shift: 3
Compressed class space size: 1073741824 Address: 0x0000000100000000

Heap:
 PSYoungGen      total 305664K, used 89129K [0x00000000eab00000, 0x0000000100000000, 0x0000000100000000)
  eden space 262144K, 34% used [0x00000000eab00000,0x00000000f020a730,0x00000000fab00000)
  from space 43520K, 0% used [0x00000000fab00000,0x00000000fab00000,0x00000000fd580000)
  to   space 43520K, 0% used [0x00000000fd580000,0x00000000fd580000,0x0000000100000000)
 ParOldGen       total 699392K, used 11901K [0x00000000c0000000, 0x00000000eab00000, 0x00000000eab00000)
  object space 699392K, 1% used [0x00000000c0000000,0x00000000c0b9f570,0x00000000eab00000)
 Metaspace       used 33818K, capacity 35225K, committed 35328K, reserved 1079296K
  class space    used 4691K, capacity 4851K, committed 4864K, reserved 1048576K

Card table byte_map: [0x0000004013d5c000,0x0000004013f5d000] byte_map_base: 0x000000401375c000

Marking Bits: (ParMarkBitMap*) 0x00000040023718a0
 Begin Bits: [0x00000040344b7000, 0x00000040354b7000)
 End Bits:   [0x00000040354b7000, 0x00000040364b7000)

Polling page: 0x000000400b0ef000

CodeCache: size=131072Kb used=5556Kb max_used=5566Kb free=125515Kb
 bounds [0x000000400bb5c000, 0x000000400c0dc000, 0x0000004013b5c000]
 total_blobs=2400 nmethods=1961 adapters=354
 compilation: enabled

Compilation events (10 events):
Event: 8.548 Thread 0x0000004004185800 1890       3       scala.collection.mutable.ArrayBuffer::ensureSize (6 bytes)
Event: 8.549 Thread 0x0000004004185800 nmethod 1890 0x000000400c05a0d0 code [0x000000400c05a240, 0x000000400c05a428]
Event: 8.549 Thread 0x0000004004185800 1903       3       scala.collection.immutable.VectorBuilder::$plus$eq (63 bytes)
Event: 8.551 Thread 0x0000004004185800 nmethod 1903 0x000000400c05f710 code [0x000000400c05f8c0, 0x000000400c060008]
Event: 8.551 Thread 0x0000004004185800 1898       3       scala.tools.nsc.classpath.FileUtils$AbstractFileOps$::isPackage$extension (24 bytes)
Event: 8.553 Thread 0x0000004004185800 nmethod 1898 0x000000400c05f010 code [0x000000400c05f1a0, 0x000000400c05f5c8]
Event: 8.553 Thread 0x0000004004185800 1894       3       scala.reflect.io.Path$::extension (26 bytes)
Event: 8.554 Thread 0x0000004004185800 nmethod 1894 0x000000400c05e650 code [0x000000400c05e800, 0x000000400c05ee08]
Event: 8.554 Thread 0x0000004004185800 1895       3       scala.reflect.io.AbstractFile::hasExtension (32 bytes)
Event: 8.555 Thread 0x0000004004180800 nmethod 1904 0x000000400c05dfd0 code [0x000000400c05e160, 0x000000400c05e3a8]

GC Heap History (4 events):
Event: 4.607 GC heap before
{Heap before GC invocations=1 (full 0):
 PSYoungGen      total 305664K, used 73400K [0x00000000eab00000, 0x0000000100000000, 0x0000000100000000)
  eden space 262144K, 28% used [0x00000000eab00000,0x00000000ef2ae180,0x00000000fab00000)
  from space 43520K, 0% used [0x00000000fd580000,0x00000000fd580000,0x0000000100000000)
  to   space 43520K, 0% used [0x00000000fab00000,0x00000000fab00000,0x00000000fd580000)
 ParOldGen       total 699392K, used 0K [0x00000000c0000000, 0x00000000eab00000, 0x00000000eab00000)
  object space 699392K, 0% used [0x00000000c0000000,0x00000000c0000000,0x00000000eab00000)
 Metaspace       used 20336K, capacity 21150K, committed 21248K, reserved 1067008K
  class space    used 2854K, capacity 2991K, committed 3072K, reserved 1048576K
Event: 4.642 GC heap after
Heap after GC invocations=1 (full 0):
 PSYoungGen      total 305664K, used 12658K [0x00000000eab00000, 0x0000000100000000, 0x0000000100000000)
  eden space 262144K, 0% used [0x00000000eab00000,0x00000000eab00000,0x00000000fab00000)
  from space 43520K, 29% used [0x00000000fab00000,0x00000000fb75ca80,0x00000000fd580000)
  to   space 43520K, 0% used [0x00000000fd580000,0x00000000fd580000,0x0000000100000000)
 ParOldGen       total 699392K, used 8K [0x00000000c0000000, 0x00000000eab00000, 0x00000000eab00000)
  object space 699392K, 0% used [0x00000000c0000000,0x00000000c0002000,0x00000000eab00000)
 Metaspace       used 20336K, capacity 21150K, committed 21248K, reserved 1067008K
  class space    used 2854K, capacity 2991K, committed 3072K, reserved 1048576K
}
Event: 4.642 GC heap before
{Heap before GC invocations=2 (full 1):
 PSYoungGen      total 305664K, used 12658K [0x00000000eab00000, 0x0000000100000000, 0x0000000100000000)
  eden space 262144K, 0% used [0x00000000eab00000,0x00000000eab00000,0x00000000fab00000)
  from space 43520K, 29% used [0x00000000fab00000,0x00000000fb75ca80,0x00000000fd580000)
  to   space 43520K, 0% used [0x00000000fd580000,0x00000000fd580000,0x0000000100000000)
 ParOldGen       total 699392K, used 8K [0x00000000c0000000, 0x00000000eab00000, 0x00000000eab00000)
  object space 699392K, 0% used [0x00000000c0000000,0x00000000c0002000,0x00000000eab00000)
 Metaspace       used 20336K, capacity 21150K, committed 21248K, reserved 1067008K
  class space    used 2854K, capacity 2991K, committed 3072K, reserved 1048576K
Event: 4.693 GC heap after
Heap after GC invocations=2 (full 1):
 PSYoungGen      total 305664K, used 0K [0x00000000eab00000, 0x0000000100000000, 0x0000000100000000)
  eden space 262144K, 0% used [0x00000000eab00000,0x00000000eab00000,0x00000000fab00000)
  from space 43520K, 0% used [0x00000000fab00000,0x00000000fab00000,0x00000000fd580000)
  to   space 43520K, 0% used [0x00000000fd580000,0x00000000fd580000,0x0000000100000000)
 ParOldGen       total 699392K, used 11901K [0x00000000c0000000, 0x00000000eab00000, 0x00000000eab00000)
  object space 699392K, 1% used [0x00000000c0000000,0x00000000c0b9f570,0x00000000eab00000)
 Metaspace       used 20315K, capacity 21114K, committed 21248K, reserved 1067008K
  class space    used 2846K, capacity 2975K, committed 3072K, reserved 1048576K
}

Deoptimization events (10 events):
Event: 5.975 Thread 0x000000400400a800 Uncommon trap: reason=range_check action=make_not_entrant pc=0x000000400bf25040 method=sun.reflect.generics.parser.SignatureParser.current()C @ 34
Event: 6.038 Thread 0x000000400400a800 Uncommon trap: reason=bimorphic action=maybe_recompile pc=0x000000400bf0e1ec method=java.util.HashMap.putVal(ILjava/lang/Object;Ljava/lang/Object;ZZ)Ljava/lang/Object; @ 91
Event: 6.039 Thread 0x000000400400a800 Uncommon trap: reason=class_check action=maybe_recompile pc=0x000000400bf0e198 method=java.util.HashMap.putVal(ILjava/lang/Object;Ljava/lang/Object;ZZ)Ljava/lang/Object; @ 253
Event: 6.117 Thread 0x000000400400a800 Uncommon trap: reason=class_check action=maybe_recompile pc=0x000000400bf0e198 method=java.util.HashMap.putVal(ILjava/lang/Object;Ljava/lang/Object;ZZ)Ljava/lang/Object; @ 253
Event: 6.117 Thread 0x000000400400a800 Uncommon trap: reason=bimorphic action=maybe_recompile pc=0x000000400bf0e1ec method=java.util.HashMap.putVal(ILjava/lang/Object;Ljava/lang/Object;ZZ)Ljava/lang/Object; @ 91
Event: 6.158 Thread 0x000000400400a800 Uncommon trap: reason=class_check action=maybe_recompile pc=0x000000400bf0ae08 method=java.util.HashMap.putVal(ILjava/lang/Object;Ljava/lang/Object;ZZ)Ljava/lang/Object; @ 253
Event: 6.158 Thread 0x000000400400a800 Uncommon trap: reason=class_check action=maybe_recompile pc=0x000000400bf0ae08 method=java.util.HashMap.putVal(ILjava/lang/Object;Ljava/lang/Object;ZZ)Ljava/lang/Object; @ 253
Event: 6.407 Thread 0x000000400478d800 Uncommon trap: reason=unstable_if action=reinterpret pc=0x000000400be3d6c0 method=jdk.internal.org.objectweb.asm.Item.isEqualTo(Ljdk/internal/org/objectweb/asm/Item;)Z @ 345
Event: 6.420 Thread 0x000000400478d800 Uncommon trap: reason=unstable_if action=reinterpret pc=0x000000400be36afc method=jdk.internal.org.objectweb.asm.Type.getArgumentsAndReturnSizes(Ljava/lang/String;)I @ 47
Event: 7.283 Thread 0x000000400400a800 Uncommon trap: reason=unstable_if action=reinterpret pc=0x000000400bf4a668 method=java.util.HashMap.getNode(ILjava/lang/Object;)Ljava/util/HashMap$Node; @ 129

Classes redefined (0 events):
No events

Internal exceptions (10 events):
Event: 7.118 Thread 0x000000400400a800 Exception <a 'java/lang/NoSuchMethodError': java.lang.Object.$anonfun$markFlagsCompleted$1$adapted(JLscala/reflect/internal/Symbols$Symbol;)Ljava/lang/Object;> (0x00000000ee88d840) thrown at [/home/openjdk/jdk8u/hotspot/src/share/vm/interpreter/linkResolv
Event: 7.147 Thread 0x000000400400a800 Exception <a 'java/lang/NoSuchMethodError': java.lang.Object.$anonfun$lookupNextEntry$1(Lscala/reflect/runtime/SynchronizedOps$SynchronizedScope;Lscala/reflect/internal/Scopes$ScopeEntry;)Lscala/reflect/internal/Scopes$ScopeEntry;> (0x00000000ee8ac3d8) th
Event: 7.166 Thread 0x000000400400a800 Exception <a 'java/lang/ClassNotFoundException': <root>/package> (0x00000000ee8c1370) thrown at [/home/openjdk/jdk8u/hotspot/src/share/vm/classfile/systemDictionary.cpp, line 210]
Event: 7.203 Thread 0x000000400478d800 Exception <a 'java/lang/NoSuchMethodError': java.lang.Object.$anonfun$list$1$adapted(Lscala/tools/nsc/classpath/ZipArchiveFileLookup;Lscala/Function1;Lscala/tools/nsc/classpath/PackageName;Lscala/Function1;Lscala/reflect/io/ZipArchive$Entry;)Ljava/lang/Ob
Event: 7.960 Thread 0x000000400400a800 Exception <a 'java/lang/NoSuchMethodError': java.lang.Object.$anonfun$find$1$adapted(Lscala/Function1;Ljava/lang/Object;)Ljava/lang/Object;> (0x00000000ee96fd08) thrown at [/home/openjdk/jdk8u/hotspot/src/share/vm/interpreter/linkResolver.cpp, line 620]
Event: 8.412 Thread 0x000000400400a800 Exception <a 'java/lang/ClassNotFoundException': <root>/java> (0x00000000eeae2e90) thrown at [/home/openjdk/jdk8u/hotspot/src/share/vm/classfile/systemDictionary.cpp, line 210]
Event: 8.423 Thread 0x000000400400a800 Exception <a 'java/lang/ClassNotFoundException': java/package> (0x00000000eeae43d8) thrown at [/home/openjdk/jdk8u/hotspot/src/share/vm/classfile/systemDictionary.cpp, line 210]
Event: 8.425 Thread 0x000000400400a800 Exception <a 'java/lang/ClassNotFoundException': java/lang> (0x00000000eeae5440) thrown at [/home/openjdk/jdk8u/hotspot/src/share/vm/classfile/systemDictionary.cpp, line 210]
Event: 8.429 Thread 0x000000400400a800 Exception <a 'java/lang/ClassNotFoundException': java/lang/package> (0x00000000eeae6a58) thrown at [/home/openjdk/jdk8u/hotspot/src/share/vm/classfile/systemDictionary.cpp, line 210]
Event: 8.445 Thread 0x000000400400a800 Exception <a 'java/lang/NoSuchMethodError': java.lang.Object.$anonfun$toList$2(Lscala/reflect/runtime/SynchronizedOps$SynchronizedScope;)Lscala/collection/immutable/List;> (0x00000000eeafcc98) thrown at [/home/openjdk/jdk8u/hotspot/src/share/vm/interprete

Events (10 events):
Event: 8.513 loading class scala/tools/nsc/symtab/classfile/ClassfileParser$NameOrString
Event: 8.513 loading class scala/tools/nsc/symtab/classfile/ClassfileParser$NameOrString done
Event: 8.513 loading class scala/tools/nsc/symtab/classfile/ClassfileParser
Event: 8.513 loading class scala/tools/nsc/symtab/classfile/ClassfileParser done
Event: 8.517 loading class scala/tools/nsc/symtab/classfile/ClassfileParser
Event: 8.517 loading class scala/tools/nsc/symtab/classfile/ClassfileParser done
Event: 8.518 loading class scala/tools/nsc/symtab/classfile/ClassfileParser$InnerClassEntry
Event: 8.518 loading class scala/tools/nsc/symtab/classfile/ClassfileParser$InnerClassEntry done
Event: 8.519 loading class scala/tools/nsc/symtab/classfile/ClassfileParser
Event: 8.519 loading class scala/tools/nsc/symtab/classfile/ClassfileParser done


Dynamic libraries:
00200000-002b4000 r--p 00000000 fe:01 2097170                            /usr/bin/qemu-x86_64
002c3000-0045a000 r-xp 000b3000 fe:01 2097170                            /usr/bin/qemu-x86_64
00469000-004a3000 rw-p 00249000 fe:01 2097170                            /usr/bin/qemu-x86_64
004b2000-004c6000 rw-p 00282000 fe:01 2097170                            /usr/bin/qemu-x86_64
004c6000-004e6000 rw-p 00000000 00:00 0 
004e6000-004e7000 r--p 00000000 fe:01 1179788                            /usr/local/openjdk-8/bin/java
004e7000-006e6000 ---p 00000000 00:00 0 
006e6000-006e7000 r--p 00000000 fe:01 1179788                            /usr/local/openjdk-8/bin/java
006e7000-006e8000 rw-p 00001000 fe:01 1179788                            /usr/local/openjdk-8/bin/java
006e8000-00709000 rw-p 00000000 00:00 0 
2e34e000-2e34f000 ---p 00000000 00:00 0                                  [heap]
2e34f000-2e362000 rw-p 00000000 00:00 0                                  [heap]
c00e6000-1005a6000 rw-p 00000000 00:00 0 
1005a6000-1400e6000 ---p 00000000 00:00 0 
40000e6000-40000e7000 ---p 00000000 00:00 0 
40000e7000-40008e7000 rw-p 00000000 00:00 0 
40008e7000-400090a000 r--p 00000000 fe:01 786809                         /lib/x86_64-linux-gnu/ld-2.24.so
400090a000-4000b0a000 ---p 00000000 00:00 0 
4000b0a000-4000b0b000 r--p 00023000 fe:01 786809                         /lib/x86_64-linux-gnu/ld-2.24.so
4000b0b000-4000b0c000 rw-p 00024000 fe:01 786809                         /lib/x86_64-linux-gnu/ld-2.24.so
4000b0c000-4000b0f000 rw-p 00000000 00:00 0 
4000b13000-4000b2b000 r--p 00000000 fe:01 786890                         /lib/x86_64-linux-gnu/libpthread-2.24.so
4000b2b000-4000d2a000 ---p 00018000 fe:01 786890                         /lib/x86_64-linux-gnu/libpthread-2.24.so
4000d2a000-4000d2b000 r--p 00017000 fe:01 786890                         /lib/x86_64-linux-gnu/libpthread-2.24.so
4000d2b000-4000d2c000 rw-p 00018000 fe:01 786890                         /lib/x86_64-linux-gnu/libpthread-2.24.so
4000d2c000-4000d32000 rw-p 00000000 00:00 0 
4000d32000-4000d48000 r--p 00000000 fe:01 1180318                        /usr/local/openjdk-8/lib/amd64/jli/libjli.so
4000d48000-4000f47000 ---p 00016000 fe:01 1180318                        /usr/local/openjdk-8/lib/amd64/jli/libjli.so
4000f47000-4000f48000 r--p 00015000 fe:01 1180318                        /usr/local/openjdk-8/lib/amd64/jli/libjli.so
4000f48000-4000f49000 rw-p 00016000 fe:01 1180318                        /usr/local/openjdk-8/lib/amd64/jli/libjli.so
4000f49000-4000f4c000 r--p 00000000 fe:01 786839                         /lib/x86_64-linux-gnu/libdl-2.24.so
4000f4c000-400114b000 ---p 00003000 fe:01 786839                         /lib/x86_64-linux-gnu/libdl-2.24.so
400114b000-400114c000 r--p 00002000 fe:01 786839                         /lib/x86_64-linux-gnu/libdl-2.24.so
400114c000-400114d000 rw-p 00003000 fe:01 786839                         /lib/x86_64-linux-gnu/libdl-2.24.so
400114d000-40012e2000 r--p 00000000 fe:01 786827                         /lib/x86_64-linux-gnu/libc-2.24.so
40012e2000-40014e2000 ---p 00195000 fe:01 786827                         /lib/x86_64-linux-gnu/libc-2.24.so
40014e2000-40014e6000 r--p 00195000 fe:01 786827                         /lib/x86_64-linux-gnu/libc-2.24.so
40014e6000-40014e8000 rw-p 00199000 fe:01 786827                         /lib/x86_64-linux-gnu/libc-2.24.so
40014e8000-40014ee000 rw-p 00000000 00:00 0 
400151f000-4002174000 r--p 00000000 fe:01 1180248                        /usr/local/openjdk-8/jre/lib/amd64/server/libjvm.so
4002174000-4002373000 ---p 00c55000 fe:01 1180248                        /usr/local/openjdk-8/jre/lib/amd64/server/libjvm.so
4002373000-400241b000 r--p 00c54000 fe:01 1180248                        /usr/local/openjdk-8/jre/lib/amd64/server/libjvm.so
400241b000-4002443000 rw-p 00cfc000 fe:01 1180248                        /usr/local/openjdk-8/jre/lib/amd64/server/libjvm.so
4002443000-4002486000 rw-p 00000000 00:00 0 
400248a000-400258d000 r--p 00000000 fe:01 786856                         /lib/x86_64-linux-gnu/libm-2.24.so
400258d000-400278c000 ---p 00103000 fe:01 786856                         /lib/x86_64-linux-gnu/libm-2.24.so
400278c000-400278d000 r--p 00102000 fe:01 786856                         /lib/x86_64-linux-gnu/libm-2.24.so
400278d000-400278e000 rw-p 00103000 fe:01 786856                         /lib/x86_64-linux-gnu/libm-2.24.so
400278e000-4002792000 ---p 00000000 00:00 0 
4002792000-4002b8f000 rw-p 00000000 00:00 0 
40040e6000-4006188000 rw-p 00000000 00:00 0 
4006188000-40080e6000 ---p 00000000 00:00 0 
400ab93000-400ab9a000 r--p 00000000 fe:01 786894                         /lib/x86_64-linux-gnu/librt-2.24.so
400ab9a000-400ad99000 ---p 00007000 fe:01 786894                         /lib/x86_64-linux-gnu/librt-2.24.so
400ad99000-400ad9a000 r--p 00006000 fe:01 786894                         /lib/x86_64-linux-gnu/librt-2.24.so
400ad9a000-400ad9b000 rw-p 00007000 fe:01 786894                         /lib/x86_64-linux-gnu/librt-2.24.so
400ad9b000-400ada9000 r--p 00000000 fe:01 1180243                        /usr/local/openjdk-8/jre/lib/amd64/libverify.so
400ada9000-400afa8000 ---p 0000e000 fe:01 1180243                        /usr/local/openjdk-8/jre/lib/amd64/libverify.so
400afa8000-400afaa000 r--p 0000d000 fe:01 1180243                        /usr/local/openjdk-8/jre/lib/amd64/libverify.so
400afaa000-400afab000 rw-p 0000f000 fe:01 1180243                        /usr/local/openjdk-8/jre/lib/amd64/libverify.so
400afab000-400afd3000 r--p 00000000 fe:01 1180223                        /usr/local/openjdk-8/jre/lib/amd64/libjava.so
400afd3000-400b1d2000 ---p 00028000 fe:01 1180223                        /usr/local/openjdk-8/jre/lib/amd64/libjava.so
400b1d2000-400b1d3000 r--p 00027000 fe:01 1180223                        /usr/local/openjdk-8/jre/lib/amd64/libjava.so
400b1d3000-400b1d5000 rw-p 00028000 fe:01 1180223                        /usr/local/openjdk-8/jre/lib/amd64/libjava.so
400b1d5000-400b1d6000 ---p 00000000 00:00 0 
400b1d6000-400b1d7000 rw-p 00000000 00:00 0 
400b1db000-400b1e2000 r--p 00000000 fe:01 786869                         /lib/x86_64-linux-gnu/libnss_compat-2.24.so
400b1e2000-400b3e1000 ---p 00007000 fe:01 786869                         /lib/x86_64-linux-gnu/libnss_compat-2.24.so
400b3e1000-400b3e2000 r--p 00006000 fe:01 786869                         /lib/x86_64-linux-gnu/libnss_compat-2.24.so
400b3e2000-400b3e3000 rw-p 00007000 fe:01 786869                         /lib/x86_64-linux-gnu/libnss_compat-2.24.so
400b3e3000-400b3f7000 r--p 00000000 fe:01 786867                         /lib/x86_64-linux-gnu/libnsl-2.24.so
400b3f7000-400b5f7000 ---p 00014000 fe:01 786867                         /lib/x86_64-linux-gnu/libnsl-2.24.so
400b5f7000-400b5f8000 r--p 00014000 fe:01 786867                         /lib/x86_64-linux-gnu/libnsl-2.24.so
400b5f8000-400b5f9000 rw-p 00015000 fe:01 786867                         /lib/x86_64-linux-gnu/libnsl-2.24.so
400b5f9000-400b5fb000 rw-p 00000000 00:00 0 
400b5ff000-400b60a000 r--p 00000000 fe:01 786877                         /lib/x86_64-linux-gnu/libnss_nis-2.24.so
400b60a000-400b809000 ---p 0000b000 fe:01 786877                         /lib/x86_64-linux-gnu/libnss_nis-2.24.so
400b809000-400b80a000 r--p 0000a000 fe:01 786877                         /lib/x86_64-linux-gnu/libnss_nis-2.24.so
400b80a000-400b80b000 rw-p 0000b000 fe:01 786877                         /lib/x86_64-linux-gnu/libnss_nis-2.24.so
400b80b000-400b815000 r--p 00000000 fe:01 786873                         /lib/x86_64-linux-gnu/libnss_files-2.24.so
400b815000-400ba15000 ---p 0000a000 fe:01 786873                         /lib/x86_64-linux-gnu/libnss_files-2.24.so
400ba15000-400ba16000 r--p 0000a000 fe:01 786873                         /lib/x86_64-linux-gnu/libnss_files-2.24.so
400ba16000-400ba17000 rw-p 0000b000 fe:01 786873                         /lib/x86_64-linux-gnu/libnss_files-2.24.so
400ba17000-400ba1d000 rw-p 00000000 00:00 0 
400ba1e000-400ba26000 rw-s 00000000 fe:01 1706082                        /tmp/hsperfdata_root/18
400ba26000-400ba41000 r--p 00000000 fe:01 1180244                        /usr/local/openjdk-8/jre/lib/amd64/libzip.so
400ba41000-400bc40000 ---p 0001b000 fe:01 1180244                        /usr/local/openjdk-8/jre/lib/amd64/libzip.so
400bc40000-400bc41000 r--p 0001a000 fe:01 1180244                        /usr/local/openjdk-8/jre/lib/amd64/libzip.so
400bc41000-400bc42000 rw-p 0001b000 fe:01 1180244                        /usr/local/openjdk-8/jre/lib/amd64/libzip.so
400bc42000-400bc43000 r-xp 00000000 00:00 0 
400bc43000-400bc47000 rw-p 00000000 00:00 0 
400bc47000-400bc48000 r-xp 00000000 00:00 0 
400bc48000-400bc49000 rw-p 00000000 00:00 0 
400bc49000-400bc4c000 r-xp 00000000 00:00 0 
400bc4c000-400bc53000 rw-p 00000000 00:00 0 
400bc53000-400bc6b000 r-xp 00000000 00:00 0 
400bc6b000-400bc87000 rw-p 00000000 00:00 0 
400bc87000-400bc8a000 r-xp 00000000 00:00 0 
400bc8a000-400bc8c000 rwxp 00000000 00:00 0 
400bc8c000-400bc8f000 rw-p 00000000 00:00 0 
400bc8f000-400bc95000 r-xp 00000000 00:00 0 
400bc95000-400bc96000 rw-p 00000000 00:00 0 
400bc96000-400bc97000 r-xp 00000000 00:00 0 
400bc97000-400bc99000 rw-p 00000000 00:00 0 
400bc99000-400bc9c000 r-xp 00000000 00:00 0 
400bc9c000-400bca3000 rw-p 00000000 00:00 0 
400bca3000-400bca9000 r-xp 00000000 00:00 0 
400bca9000-400bcab000 rw-p 00000000 00:00 0 
400bcab000-400bcae000 r-xp 00000000 00:00 0 
400bcae000-400bcaf000 rwxp 00000000 00:00 0 
400bcaf000-400bd3b000 rw-p 00000000 00:00 0 
400bd3b000-400bd3d000 r-xp 00000000 00:00 0 
400bd3d000-400bd44000 rw-p 00000000 00:00 0 
400bd44000-400bd5d000 r-xp 00000000 00:00 0 
400bd5d000-400bd5f000 rwxp 00000000 00:00 0 
400bd5f000-400bd67000 r-xp 00000000 00:00 0 
400bd67000-400bd68000 rwxp 00000000 00:00 0 
400bd68000-400bd70000 r-xp 00000000 00:00 0 
400bd70000-400bd71000 rwxp 00000000 00:00 0 
400bd71000-400bd7a000 r-xp 00000000 00:00 0 
400bd7a000-400bd7b000 rwxp 00000000 00:00 0 
400bd7b000-400bd7e000 r-xp 00000000 00:00 0 
400bd7e000-400bd7f000 rwxp 00000000 00:00 0 
400bd7f000-400bd85000 r-xp 00000000 00:00 0 
400bd85000-400bd86000 rwxp 00000000 00:00 0 
400bd86000-400bd87000 r-xp 00000000 00:00 0 
400bd87000-400bd89000 rw-p 00000000 00:00 0 
400bd89000-400bd8a000 rwxp 00000000 00:00 0 
400bd8a000-400bd8d000 r-xp 00000000 00:00 0 
400bd8d000-400bd8e000 rwxp 00000000 00:00 0 
400bd8e000-400bd96000 r-xp 00000000 00:00 0 
400bd96000-400bd97000 rwxp 00000000 00:00 0 
400bd97000-400bd9f000 r-xp 00000000 00:00 0 
400bd9f000-400bda0000 rwxp 00000000 00:00 0 
400bda0000-400bdb3000 r-xp 00000000 00:00 0 
400bdb3000-400bdb4000 rwxp 00000000 00:00 0 
400bdb4000-400bdb8000 r-xp 00000000 00:00 0 
400bdb8000-400bdb9000 rwxp 00000000 00:00 0 
400bdb9000-400bdbb000 r-xp 00000000 00:00 0 
400bdbb000-400bdbc000 rwxp 00000000 00:00 0 
400bdbc000-400bdbd000 r-xp 00000000 00:00 0 
400bdbd000-400bdbe000 rwxp 00000000 00:00 0 
400bdbe000-400bdc0000 r-xp 00000000 00:00 0 
400bdc0000-400bdc1000 rwxp 00000000 00:00 0 
400bdc1000-400bdc5000 r-xp 00000000 00:00 0 
400bdc5000-400bdc7000 rwxp 00000000 00:00 0 
400bdc7000-400bdd2000 r-xp 00000000 00:00 0 
400bdd2000-400bdd3000 rwxp 00000000 00:00 0 
400bdd3000-400bddd000 r-xp 00000000 00:00 0 
400bddd000-400bdde000 rw-p 00000000 00:00 0 
400bdde000-400bddf000 r-xp 00000000 00:00 0 
400bddf000-400bde0000 rwxp 00000000 00:00 0 
400bde0000-400bde5000 r-xp 00000000 00:00 0 
400bde5000-400bde6000 rw-p 00000000 00:00 0 
400bde6000-400bde8000 r-xp 00000000 00:00 0 
400bde8000-400bde9000 rwxp 00000000 00:00 0 
400bde9000-400bdeb000 r-xp 00000000 00:00 0 
400bdeb000-400bdec000 rw-p 00000000 00:00 0 
400bdec000-400bdf0000 r-xp 00000000 00:00 0 
400bdf0000-400bdf1000 rwxp 00000000 00:00 0 
400bdf1000-400bdf6000 r-xp 00000000 00:00 0 
400bdf6000-400bdf7000 rwxp 00000000 00:00 0 
400bdf7000-400bdf8000 r-xp 00000000 00:00 0 
400bdf8000-400bdf9000 rwxp 00000000 00:00 0 
400bdf9000-400be05000 r-xp 00000000 00:00 0 
400be05000-400be06000 rwxp 00000000 00:00 0 
400be06000-400be11000 r-xp 00000000 00:00 0 
400be11000-400be12000 rwxp 00000000 00:00 0 
400be12000-400be19000 r-xp 00000000 00:00 0 
400be19000-400be1a000 rwxp 00000000 00:00 0 
400be1a000-400be1b000 r-xp 00000000 00:00 0 
400be1b000-400be1e000 rwxp 00000000 00:00 0 
400be1e000-400be28000 r-xp 00000000 00:00 0 
400be28000-400be29000 rw-p 00000000 00:00 0 
400be29000-400be31000 r-xp 00000000 00:00 0 
400be31000-400be32000 rwxp 00000000 00:00 0 
400be32000-400be37000 r-xp 00000000 00:00 0 
400be37000-400be39000 rwxp 00000000 00:00 0 
400be39000-400be3a000 rw-p 00000000 00:00 0 
400be3a000-400be3c000 r-xp 00000000 00:00 0 
400be3c000-400be3d000 rw-p 00000000 00:00 0 
400be3d000-400be5a000 r-xp 00000000 00:00 0 
400be5a000-400be5b000 rwxp 00000000 00:00 0 
400be5b000-400be62000 r-xp 00000000 00:00 0 
400be62000-400be63000 rwxp 00000000 00:00 0 
400be63000-400be6d000 r-xp 00000000 00:00 0 
400be6d000-400be6e000 rwxp 00000000 00:00 0 
400be6e000-400be71000 r-xp 00000000 00:00 0 
400be71000-400be73000 rw-p 00000000 00:00 0 
400be73000-400be79000 r-xp 00000000 00:00 0 
400be79000-400be7b000 rw-p 00000000 00:00 0 
400be7b000-400be7d000 rwxp 00000000 00:00 0 
400be7d000-400bea5000 r-xp 00000000 00:00 0 
400bea5000-400bea6000 rw-p 00000000 00:00 0 
400bea6000-400beb6000 r-xp 00000000 00:00 0 
400beb6000-400beb7000 rw-p 00000000 00:00 0 
400beb7000-400bebd000 r-xp 00000000 00:00 0 
400bebd000-400bebe000 rwxp 00000000 00:00 0 
400bebe000-400bee1000 r-xp 00000000 00:00 0 
400bee1000-400bee2000 rw-p 00000000 00:00 0 
400bee2000-400beea000 r-xp 00000000 00:00 0 
400beea000-400beeb000 rwxp 00000000 00:00 0 
400beeb000-400bf02000 r-xp 00000000 00:00 0 
400bf02000-400bf03000 rw-p 00000000 00:00 0 
400bf03000-400bf0f000 r-xp 00000000 00:00 0 
400bf0f000-400bf10000 rwxp 00000000 00:00 0 
400bf10000-400bf26000 r-xp 00000000 00:00 0 
400bf26000-400bf27000 rw-p 00000000 00:00 0 
400bf27000-400bf28000 r-xp 00000000 00:00 0 
400bf28000-400bf2c000 rw-p 00000000 00:00 0 
400bf2c000-400bf2d000 r-xp 00000000 00:00 0 
400bf2d000-400bf31000 rw-p 00000000 00:00 0 
400bf31000-400bf33000 r-xp 00000000 00:00 0 
400bf33000-400bf34000 rwxp 00000000 00:00 0 
400bf34000-400bf3c000 rw-p 00000000 00:00 0 
400bf3c000-400bf40000 r-xp 00000000 00:00 0 
400bf40000-400bf42000 rw-p 00000000 00:00 0 
400bf42000-400bf45000 r-xp 00000000 00:00 0 
400bf45000-400bf46000 rwxp 00000000 00:00 0 
400bf46000-400bf51000 r-xp 00000000 00:00 0 
400bf51000-400bf52000 rw-p 00000000 00:00 0 
400bf52000-400bf59000 r-xp 00000000 00:00 0 
400bf59000-400bf5a000 rwxp 00000000 00:00 0 
400bf5a000-400bf62000 r-xp 00000000 00:00 0 
400bf62000-400bf63000 rw-p 00000000 00:00 0 
400bf63000-400bf6f000 r-xp 00000000 00:00 0 
400bf6f000-400bf70000 rwxp 00000000 00:00 0 
400bf70000-400bf84000 r-xp 00000000 00:00 0 
400bf84000-400bf87000 rw-p 00000000 00:00 0 
400bf87000-400bf8b000 r-xp 00000000 00:00 0 
400bf8b000-400bf8c000 rw-p 00000000 00:00 0 
400bf8c000-400bf8d000 r-xp 00000000 00:00 0 
400bf8d000-400bf8e000 rw-p 00000000 00:00 0 
400bf8e000-400bf8f000 rwxp 00000000 00:00 0 
400bf8f000-400bf96000 r-xp 00000000 00:00 0 
400bf96000-400bf97000 rwxp 00000000 00:00 0 
400bf97000-400bf99000 r-xp 00000000 00:00 0 
400bf99000-400bf9a000 rwxp 00000000 00:00 0 
400bf9a000-400bf9b000 r-xp 00000000 00:00 0 
400bf9b000-400bf9c000 rw-p 00000000 00:00 0 
400bf9c000-400bfa2000 r-xp 00000000 00:00 0 
400bfa2000-400bfa3000 rw-p 00000000 00:00 0 
400bfa3000-400bfaf000 r-xp 00000000 00:00 0 
400bfaf000-400bfb0000 rwxp 00000000 00:00 0 
400bfb0000-400bfb1000 rw-p 00000000 00:00 0 
400bfb1000-400bfb2000 r-xp 00000000 00:00 0 
400bfb2000-400bfb5000 rw-p 00000000 00:00 0 
400bfb5000-400bfb7000 r-xp 00000000 00:00 0 
400bfb7000-400bfb8000 rwxp 00000000 00:00 0 
400bfb8000-400bfba000 r-xp 00000000 00:00 0 
400bfba000-400bfbb000 rwxp 00000000 00:00 0 
400bfbb000-400bfbd000 r-xp 00000000 00:00 0 
400bfbd000-400bfc5000 rwxp 00000000 00:00 0 
400bfc5000-400bfc8000 r-xp 00000000 00:00 0 
400bfc8000-400bfca000 rwxp 00000000 00:00 0 
400bfca000-400bfcb000 r-xp 00000000 00:00 0 
400bfcb000-400bfcc000 rwxp 00000000 00:00 0 
400bfcc000-400bfce000 r-xp 00000000 00:00 0 
400bfce000-400bfcf000 rwxp 00000000 00:00 0 
400bfcf000-400bfd1000 r-xp 00000000 00:00 0 
400bfd1000-400bfd2000 rwxp 00000000 00:00 0 
400bfd2000-400bfd3000 r-xp 00000000 00:00 0 
400bfd3000-400bfd4000 rwxp 00000000 00:00 0 
400bfd4000-400bfdc000 r-xp 00000000 00:00 0 
400bfdc000-400bfdd000 rw-p 00000000 00:00 0 
400bfdd000-400bfde000 rwxp 00000000 00:00 0 
400bfde000-400bfdf000 r-xp 00000000 00:00 0 
400bfdf000-400bfe5000 rw-p 00000000 00:00 0 
400bfe5000-400bfe6000 r-xp 00000000 00:00 0 
400bfe6000-400bfe9000 rwxp 00000000 00:00 0 
400bfe9000-400bff0000 r-xp 00000000 00:00 0 
400bff0000-400bff1000 rwxp 00000000 00:00 0 
400bff1000-400bffa000 r-xp 00000000 00:00 0 
400bffa000-400bffb000 rw-p 00000000 00:00 0 
400bffb000-400bffc000 r-xp 00000000 00:00 0 
400bffc000-400bffd000 rw-p 00000000 00:00 0 
400bffd000-400c018000 r-xp 00000000 00:00 0 
400c018000-400c019000 rwxp 00000000 00:00 0 
400c019000-400c024000 r-xp 00000000 00:00 0 
400c024000-400c025000 rw-p 00000000 00:00 0 
400c025000-400c02a000 r-xp 00000000 00:00 0 
400c02a000-400c02b000 rwxp 00000000 00:00 0 
400c02b000-400c02c000 r-xp 00000000 00:00 0 
400c02c000-400c02e000 rwxp 00000000 00:00 0 
400c02e000-400c034000 r-xp 00000000 00:00 0 
400c034000-400c039000 rw-p 00000000 00:00 0 
400c039000-400c042000 r-xp 00000000 00:00 0 
400c042000-400c043000 rw-p 00000000 00:00 0 
400c043000-400c044000 r-xp 00000000 00:00 0 
400c044000-400c058000 rw-p 00000000 00:00 0 
400c058000-400c066000 r-xp 00000000 00:00 0 
400c066000-400c067000 rwxp 00000000 00:00 0 
400c067000-400c068000 r-xp 00000000 00:00 0 
400c068000-400c069000 rwxp 00000000 00:00 0 
400c069000-400c072000 r-xp 00000000 00:00 0 
400c072000-400c073000 rw-p 00000000 00:00 0 
400c073000-400c081000 r-xp 00000000 00:00 0 
400c081000-400c082000 rwxp 00000000 00:00 0 
400c082000-400c089000 r-xp 00000000 00:00 0 
400c089000-400c0a5000 rw-p 00000000 00:00 0 
400c0a5000-400c0ab000 r-xp 00000000 00:00 0 
400c0ab000-400c0ac000 rw-p 00000000 00:00 0 
400c0ac000-400c0ae000 rwxp 00000000 00:00 0 
400c0ae000-400c0b0000 r-xp 00000000 00:00 0 
400c0b0000-400c0b1000 rwxp 00000000 00:00 0 
400c0b1000-400c0c4000 r-xp 00000000 00:00 0 
400c0c4000-400c0c5000 rw-p 00000000 00:00 0 
400c0c5000-400c0ee000 r-xp 00000000 00:00 0 
400c0ee000-400c0ef000 rw-p 00000000 00:00 0 
400c0ef000-400c101000 r-xp 00000000 00:00 0 
400c101000-400c102000 rwxp 00000000 00:00 0 
400c102000-400c10a000 r-xp 00000000 00:00 0 
400c10a000-400c10b000 rwxp 00000000 00:00 0 
400c10b000-400c113000 r-xp 00000000 00:00 0 
400c113000-400c114000 rw-p 00000000 00:00 0 
400c114000-400c116000 r-xp 00000000 00:00 0 
400c116000-400c117000 rwxp 00000000 00:00 0 
400c117000-400c11d000 r-xp 00000000 00:00 0 
400c11d000-400c11f000 rw-p 00000000 00:00 0 
400c11f000-400c12f000 r-xp 00000000 00:00 0 
400c12f000-400c130000 rwxp 00000000 00:00 0 
400c130000-400c135000 r-xp 00000000 00:00 0 
400c135000-400c136000 rw-p 00000000 00:00 0 
400c136000-400c13c000 r-xp 00000000 00:00 0 
400c13c000-400c13e000 rw-p 00000000 00:00 0 
400c13e000-400c142000 r-xp 00000000 00:00 0 
400c142000-400c144000 rwxp 00000000 00:00 0 
400c144000-400c145000 rw-p 00000000 00:00 0 
400c145000-400c180000 r-xp 00000000 00:00 0 
400c180000-400c182000 rw-p 00000000 00:00 0 
400c182000-400c184000 r-xp 00000000 00:00 0 
400c184000-400c187000 rw-p 00000000 00:00 0 
400c187000-400c18e000 r-xp 00000000 00:00 0 
400c18e000-400c18f000 rw-p 00000000 00:00 0 
400c18f000-400c19c000 r-xp 00000000 00:00 0 
400c19c000-400c19d000 rw-p 00000000 00:00 0 
400c19d000-400c1a0000 r-xp 00000000 00:00 0 
400c1a0000-400c1a1000 rw-p 00000000 00:00 0 
400c1a1000-400c1a9000 r-xp 00000000 00:00 0 
400c1a9000-400c1aa000 rwxp 00000000 00:00 0 
400c1aa000-400c1ab000 r-xp 00000000 00:00 0 
400c1ab000-400c1ae000 rw-p 00000000 00:00 0 
400c1ae000-400c1b0000 rwxp 00000000 00:00 0 
400c1b0000-400c1b1000 rw-p 00000000 00:00 0 
400c1b1000-400c1b2000 rwxp 00000000 00:00 0 
400c1b2000-400c1c2000 rw-p 00000000 00:00 0 
400c1c2000-4013c42000 ---p 00000000 00:00 0 
4013c42000-4013c58000 rw-p 00000000 00:00 0 
4013c58000-4013e42000 ---p 00000000 00:00 0 
4013e42000-4014199000 rw-p 00000000 00:00 0 
4014199000-401419a000 ---p 00000000 00:00 0 
401419a000-401429a000 rw-p 00000000 00:00 0 
401429a000-401429b000 ---p 00000000 00:00 0 
401429b000-401439b000 rw-p 00000000 00:00 0 
401439b000-401439c000 ---p 00000000 00:00 0 
401439c000-401449c000 rw-p 00000000 00:00 0 
401449c000-401449d000 ---p 00000000 00:00 0 
401449d000-401459d000 rw-p 00000000 00:00 0 
40180e6000-4018107000 rw-p 00000000 00:00 0 
4018107000-401c0e6000 ---p 00000000 00:00 0 
40200e6000-4020107000 rw-p 00000000 00:00 0 
4020107000-40240e6000 ---p 00000000 00:00 0 
40280e6000-4028107000 rw-p 00000000 00:00 0 
4028107000-402c0e6000 ---p 00000000 00:00 0 
40300e6000-4030107000 rw-p 00000000 00:00 0 
4030107000-40340e6000 ---p 00000000 00:00 0 
403459d000-4036fb1000 rw-p 00000000 00:00 0 
4036fb1000-4037082000 rw-p 00000000 00:00 0 
4037082000-4037251000 r--s 03c5c000 fe:01 1180300                        /usr/local/openjdk-8/jre/lib/rt.jar
4037251000-40381ae000 rw-p 00000000 00:00 0 
40381ae000-40381af000 ---p 00000000 00:00 0 
40381af000-40382af000 rw-p 00000000 00:00 0 
403c0e6000-403c107000 rw-p 00000000 00:00 0 
403c107000-40400e6000 ---p 00000000 00:00 0 
40402af000-40402b2000 ---p 00000000 00:00 0 
40402b2000-40406b0000 rw-p 00000000 00:00 0 
40440e6000-4044107000 rw-p 00000000 00:00 0 
4044107000-40480e6000 ---p 00000000 00:00 0 
40486b0000-40486b3000 ---p 00000000 00:00 0 
40486b3000-4048ab1000 rw-p 00000000 00:00 0 
404c0e6000-404c107000 rw-p 00000000 00:00 0 
404c107000-40500e6000 ---p 00000000 00:00 0 
4050ab1000-4050ab2000 r--p 00000000 fe:01 787297                         /usr/lib/locale/C.UTF-8/LC_IDENTIFICATION
4050ab2000-4050ab9000 r--s 00000000 fe:01 787583                         /usr/lib/x86_64-linux-gnu/gconv/gconv-modules.cache
4050ab9000-4050aba000 r--p 00000000 fe:01 787298                         /usr/lib/locale/C.UTF-8/LC_MEASUREMENT
4050aba000-4050abb000 r--p 00000000 fe:01 787305                         /usr/lib/locale/C.UTF-8/LC_TELEPHONE
4050abb000-4050abc000 r--p 00000000 fe:01 787294                         /usr/lib/locale/C.UTF-8/LC_ADDRESS
4050abc000-4050abd000 r--p 00000000 fe:01 787302                         /usr/lib/locale/C.UTF-8/LC_NAME
4050abd000-4050abe000 r--p 00000000 fe:01 787304                         /usr/lib/locale/C.UTF-8/LC_PAPER
4050abe000-4050abf000 r--p 00000000 fe:01 787300                         /usr/lib/locale/C.UTF-8/LC_MESSAGES/SYS_LC_MESSAGES
4050abf000-4050ac0000 r--p 00000000 fe:01 787301                         /usr/lib/locale/C.UTF-8/LC_MONETARY
4050ac0000-4050c33000 r--p 00000000 fe:01 787295                         /usr/lib/locale/C.UTF-8/LC_COLLATE
4050c33000-4050c34000 r--p 00000000 fe:01 787306                         /usr/lib/locale/C.UTF-8/LC_TIME
4050c34000-4050c35000 r--p 00000000 fe:01 787303                         /usr/lib/locale/C.UTF-8/LC_NUMERIC
4050c35000-4050c66000 r--p 00000000 fe:01 787296                         /usr/lib/locale/C.UTF-8/LC_CTYPE
4050c67000-4050c6a000 ---p 00000000 00:00 0 
4050c6a000-4051068000 rw-p 00000000 00:00 0 
40540e6000-4054107000 rw-p 00000000 00:00 0 
4054107000-40580e6000 ---p 00000000 00:00 0 
4059068000-405906c000 ---p 00000000 00:00 0 
405906c000-4059169000 rw-p 00000000 00:00 0 
405c0e6000-405cd0e000 rw-p 00000000 00:00 0 
405cd0e000-40600e6000 ---p 00000000 00:00 0 
4061169000-406116d000 ---p 00000000 00:00 0 
406116d000-406126a000 rw-p 00000000 00:00 0 
40640e6000-4064cb1000 rw-p 00000000 00:00 0 
4064cb1000-40680e6000 ---p 00000000 00:00 0 
406926a000-406926e000 ---p 00000000 00:00 0 
406926e000-406936b000 rw-p 00000000 00:00 0 
406c0e6000-406c428000 rw-p 00000000 00:00 0 
406c428000-40700e6000 ---p 00000000 00:00 0 
407136b000-407136e000 ---p 00000000 00:00 0 
407136e000-407176c000 rw-p 00000000 00:00 0 
40740e6000-4074107000 rw-p 00000000 00:00 0 
4074107000-40780e6000 ---p 00000000 00:00 0 
407976c000-407976d000 ---p 00000000 00:00 0 
407976d000-407986d000 rw-p 00000000 00:00 0 
407c0e6000-407c107000 rw-p 00000000 00:00 0 
407c107000-40800e6000 ---p 00000000 00:00 0 
408188d000-40818ad000 r--s 00134000 fe:01 1180679                        /usr/share/sbt/bin/sbt-launch.jar
4081b1e000-4081b35000 r--p 00000000 fe:01 1180235                        /usr/local/openjdk-8/jre/lib/amd64/libnet.so
4081b35000-4081d34000 ---p 00017000 fe:01 1180235                        /usr/local/openjdk-8/jre/lib/amd64/libnet.so
4081d34000-4081d35000 r--p 00016000 fe:01 1180235                        /usr/local/openjdk-8/jre/lib/amd64/libnet.so
4081d35000-4081d36000 rw-p 00017000 fe:01 1180235                        /usr/local/openjdk-8/jre/lib/amd64/libnet.so
4081d36000-4084d37000 rw-p 00000000 00:00 0 
4084d37000-4084d48000 r--p 00000000 fe:01 1180236                        /usr/local/openjdk-8/jre/lib/amd64/libnio.so
4084d48000-4084f47000 ---p 00011000 fe:01 1180236                        /usr/local/openjdk-8/jre/lib/amd64/libnio.so
4084f47000-4084f48000 r--p 00010000 fe:01 1180236                        /usr/local/openjdk-8/jre/lib/amd64/libnio.so
4084f48000-4084f49000 rw-p 00011000 fe:01 1180236                        /usr/local/openjdk-8/jre/lib/amd64/libnio.so
4084f49000-4084f4b000 r--s 00002000 fe:01 1443658                        /home/sbtuser/.sbt/boot/scala-2.12.10/org.scala-sbt/sbt/1.3.5/test-interface-1.0.jar
4084f4b000-4084f83000 r--s 004d1000 fe:01 1443587                        /home/sbtuser/.sbt/boot/scala-2.12.10/lib/scala-library.jar
4084f83000-4084fd3000 r--s 009de000 fe:01 1443586                        /home/sbtuser/.sbt/boot/scala-2.12.10/lib/scala-compiler.jar
4084fd3000-4084ff7000 r--s 0035f000 fe:01 1443588                        /home/sbtuser/.sbt/boot/scala-2.12.10/lib/scala-reflect.jar
4084ff7000-4084ffb000 r--s 0003e000 fe:01 1443585                        /home/sbtuser/.sbt/boot/scala-2.12.10/lib/jline.jar
4084ffb000-4084ffe000 r--s 00023000 fe:01 1443584                        /home/sbtuser/.sbt/boot/scala-2.12.10/lib/jansi.jar
4084ffe000-4085004000 r--s 00080000 fe:01 1443589                        /home/sbtuser/.sbt/boot/scala-2.12.10/lib/scala-xml_2.12.jar
4085004000-4085008000 r--s 0002f000 fe:01 1443659                        /home/sbtuser/.sbt/boot/scala-2.12.10/org.scala-sbt/sbt/1.3.5/testing_2.12-1.3.5.jar
4085008000-408500c000 r--s 00056000 fe:01 1443596                        /home/sbtuser/.sbt/boot/scala-2.12.10/org.scala-sbt/sbt/1.3.5/command_2.12-1.3.5.jar
408500c000-408500d000 r--s 00010000 fe:01 1443637                        /home/sbtuser/.sbt/boot/scala-2.12.10/org.scala-sbt/sbt/1.3.5/sbt-1.3.5.jar
408500d000-408500e000 r--s 0000f000 fe:01 1443676                        /home/sbtuser/.sbt/boot/scala-2.12.10/org.scala-sbt/sbt/1.3.5/zinc_2.12-1.3.1.jar
408500e000-4085011000 r--s 00035000 fe:01 1443671                        /home/sbtuser/.sbt/boot/scala-2.12.10/org.scala-sbt/sbt/1.3.5/zinc-compile-core_2.12-1.3.1.jar
4085011000-4085012000 r--s 00000000 fe:01 1443662                        /home/sbtuser/.sbt/boot/scala-2.12.10/org.scala-sbt/sbt/1.3.5/util-interface-1.3.3.jar
4085012000-4085014000 r--s 00032000 fe:01 1443660                        /home/sbtuser/.sbt/boot/scala-2.12.10/org.scala-sbt/sbt/1.3.5/util-cache_2.12-1.3.3.jar
4085014000-4085019000 r--s 00040000 fe:01 1443615                        /home/sbtuser/.sbt/boot/scala-2.12.10/org.scala-sbt/sbt/1.3.5/jsch-0.1.54.jar
4085019000-4085033000 r--s 0021e000 fe:01 1443614                        /home/sbtuser/.sbt/boot/scala-2.12.10/org.scala-sbt/sbt/1.3.5/jna-platform-4.5.0.jar
4085033000-4085038000 r--s 00068000 fe:01 1443633                        /home/sbtuser/.sbt/boot/scala-2.12.10/org.scala-sbt/sbt/1.3.5/protocol_2.12-1.3.5.jar
4085038000-408503a000 r--s 0000e000 fe:01 1443603                        /home/sbtuser/.sbt/boot/scala-2.12.10/org.scala-sbt/sbt/1.3.5/fastparse-utils_2.12-0.4.2.jar
408503a000-408503f000 r--s 00063000 fe:01 1443627                        /home/sbtuser/.sbt/boot/scala-2.12.10/org.scala-sbt/sbt/1.3.5/okhttp-3.14.2.jar
408503f000-4085040000 r--s 00001000 fe:01 1443642                        /home/sbtuser/.sbt/boot/scala-2.12.10/org.scala-sbt/sbt/1.3.5/scalacache-caffeine_2.12-0.20.0.jar
4085040000-4085041000 r--s 00003000 fe:01 1443665                        /home/sbtuser/.sbt/boot/scala-2.12.10/org.scala-sbt/sbt/1.3.5/util-relation_2.12-1.3.3.jar
4085041000-4085046000 r--s 00083000 fe:01 1443673                        /home/sbtuser/.sbt/boot/scala-2.12.10/org.scala-sbt/sbt/1.3.5/zinc-core_2.12-1.3.1.jar
4085046000-4085047000 r--s 00008000 fe:01 1443667                        /home/sbtuser/.sbt/boot/scala-2.12.10/org.scala-sbt/sbt/1.3.5/util-tracking_2.12-1.3.3.jar
4085047000-408504c000 r--s 00041000 fe:01 1443600                        /home/sbtuser/.sbt/boot/scala-2.12.10/org.scala-sbt/sbt/1.3.5/config-1.3.3.jar
408504c000-4085054000 r--s 00091000 fe:01 1443608                        /home/sbtuser/.sbt/boot/scala-2.12.10/org.scala-sbt/sbt/1.3.5/io_2.12-1.3.1.jar
4085054000-4085056000 r--s 0000b000 fe:01 1443674                        /home/sbtuser/.sbt/boot/scala-2.12.10/org.scala-sbt/sbt/1.3.5/zinc-lm-integration_2.12-1.3.5.jar
4085056000-4085059000 r--s 00014000 fe:01 1443598                        /home/sbtuser/.sbt/boot/scala-2.12.10/org.scala-sbt/sbt/1.3.5/compiler-interface-1.3.1.jar
4085059000-408505b000 r--s 00012000 fe:01 1443670                        /home/sbtuser/.sbt/boot/scala-2.12.10/org.scala-sbt/sbt/1.3.5/zinc-classpath_2.12-1.3.1.jar
408505b000-408505c000 r--s 00007000 fe:01 1443628                        /home/sbtuser/.sbt/boot/scala-2.12.10/org.scala-sbt/sbt/1.3.5/okhttp-urlconnection-3.7.0.jar
408505c000-408505d000 r--s 00005000 fe:01 1443623                        /home/sbtuser/.sbt/boot/scala-2.12.10/org.scala-sbt/sbt/1.3.5/log4j-slf4j-impl-2.11.2.jar
408505d000-408505f000 r--s 00012000 fe:01 1443635                        /home/sbtuser/.sbt/boot/scala-2.12.10/org.scala-sbt/sbt/1.3.5/run_2.12-1.3.5.jar
408505f000-4085060000 r--s 00002000 fe:01 1443616                        /home/sbtuser/.sbt/boot/scala-2.12.10/org.scala-sbt/sbt/1.3.5/launcher-interface-1.1.3.jar
4085060000-4085062000 r--s 00012000 fe:01 1443601                        /home/sbtuser/.sbt/boot/scala-2.12.10/org.scala-sbt/sbt/1.3.5/core-macros_2.12-1.3.5.jar
4085062000-408506c000 r--s 000b8000 fe:01 1443618                        /home/sbtuser/.sbt/boot/scala-2.12.10/org.scala-sbt/sbt/1.3.5/librarymanagement-core_2.12-1.3.1.jar
408506c000-4085071000 r--s 0004e000 fe:01 1443595                        /home/sbtuser/.sbt/boot/scala-2.12.10/org.scala-sbt/sbt/1.3.5/collections_2.12-1.3.5.jar
4085071000-4085073000 r--s 00019000 fe:01 1443652                        /home/sbtuser/.sbt/boot/scala-2.12.10/org.scala-sbt/sbt/1.3.5/sourcecode_2.12-0.1.3.jar
4085073000-4085075000 r--s 0000f000 fe:01 1443666                        /home/sbtuser/.sbt/boot/scala-2.12.10/org.scala-sbt/sbt/1.3.5/util-scripted_2.12-1.3.3.jar
4085075000-4085082000 r--s 001ae000 fe:01 1443675                        /home/sbtuser/.sbt/boot/scala-2.12.10/org.scala-sbt/sbt/1.3.5/zinc-persist_2.12-1.3.1.jar
4085082000-4085093000 r--s 00257000 fe:01 1443626                        /home/sbtuser/.sbt/boot/scala-2.12.10/org.scala-sbt/sbt/1.3.5/main_2.12-1.3.5.jar
4085093000-4085096000 ---p 00000000 00:00 0 
4085096000-4085494000 rw-p 00000000 00:00 0 
40880e6000-4088920000 rw-p 00000000 00:00 0 
4088920000-408c0e6000 ---p 00000000 00:00 0 
408d494000-408d559000 rw-p 00000000 00:00 0 
408d559000-408d55a000 r--p 00000000 00:00 0 
408d55a000-408d894000 rw-p 00000000 00:00 0 
408d894000-408d89a000 r--s 00094000 fe:01 1443619                        /home/sbtuser/.sbt/boot/scala-2.12.10/org.scala-sbt/sbt/1.3.5/librarymanagement-ivy_2.12-1.3.1.jar
408d89a000-408d8bb000 r--s 0016d000 fe:01 1443622                        /home/sbtuser/.sbt/boot/scala-2.12.10/org.scala-sbt/sbt/1.3.5/log4j-core-2.11.2.jar
408d8bb000-408d8c1000 r--s 000be000 fe:01 1443648                        /home/sbtuser/.sbt/boot/scala-2.12.10/org.scala-sbt/sbt/1.3.5/sjson-new-core_2.12-0.8.3.jar
408d8c1000-408d8c5000 r--s 00047000 fe:01 1443604                        /home/sbtuser/.sbt/boot/scala-2.12.10/org.scala-sbt/sbt/1.3.5/fastparse_2.12-0.4.2.jar
408d8c5000-408d8c9000 r--s 0003e000 fe:01 1443612                        /home/sbtuser/.sbt/boot/scala-2.12.10/org.scala-sbt/sbt/1.3.5/jline-2.14.6.jar
408d8c9000-408d8ce000 r--s 0002f000 fe:01 1443605                        /home/sbtuser/.sbt/boot/scala-2.12.10/org.scala-sbt/sbt/1.3.5/file-tree-views-2.1.3.jar
408d8ce000-408d8d1000 r--s 00024000 fe:01 1443606                        /home/sbtuser/.sbt/boot/scala-2.12.10/org.scala-sbt/sbt/1.3.5/gigahorse-core_2.12-0.5.0.jar
408d8d1000-408d8d2000 r--s 00014000 fe:01 1443655                        /home/sbtuser/.sbt/boot/scala-2.12.10/org.scala-sbt/sbt/1.3.5/tasks_2.12-1.3.5.jar
408d8d2000-408d8d6000 r--s 00046000 fe:01 1443653                        /home/sbtuser/.sbt/boot/scala-2.12.10/org.scala-sbt/sbt/1.3.5/ssl-config-core_2.12-0.4.0.jar
408d8d6000-408d8d9000 r--s 0002a000 fe:01 1443636                        /home/sbtuser/.sbt/boot/scala-2.12.10/org.scala-sbt/sbt/1.3.5/sbinary_2.12-0.5.0.jar
408d8d9000-408d8fd000 r--s 0035f000 fe:01 1443640                        /home/sbtuser/.sbt/boot/scala-2.12.10/org.scala-sbt/sbt/1.3.5/scala-reflect-2.12.10.jar
408d8fd000-408d8fe000 r--s 00000000 fe:01 1443645                        /home/sbtuser/.sbt/boot/scala-2.12.10/org.scala-sbt/sbt/1.3.5/scripted-plugin_2.12-1.3.5.jar
408d8fe000-408d8ff000 r--s 00006000 fe:01 1443664                        /home/sbtuser/.sbt/boot/scala-2.12.10/org.scala-sbt/sbt/1.3.5/util-position_2.12-1.3.3.jar
408d8ff000-408d901000 r--s 0000b000 fe:01 1443624                        /home/sbtuser/.sbt/boot/scala-2.12.10/org.scala-sbt/sbt/1.3.5/logic_2.12-1.3.5.jar
408d901000-408d909000 r--s 00094000 fe:01 1443625                        /home/sbtuser/.sbt/boot/scala-2.12.10/org.scala-sbt/sbt/1.3.5/main-settings_2.12-1.3.5.jar
408d909000-408d90b000 r--s 00015000 fe:01 1443629                        /home/sbtuser/.sbt/boot/scala-2.12.10/org.scala-sbt/sbt/1.3.5/okio-1.17.2.jar
408d90b000-408d97d000 r--s 006e0000 fe:01 1443620                        /home/sbtuser/.sbt/boot/scala-2.12.10/org.scala-sbt/sbt/1.3.5/lm-coursier-shaded_2.12-2.0.0-RC5-2.jar
408d97d000-408d97e000 r--s 00001000 fe:01 1443649                        /home/sbtuser/.sbt/boot/scala-2.12.10/org.scala-sbt/sbt/1.3.5/sjson-new-murmurhash_2.12-0.8.3.jar
408d97e000-408d993000 r--s 00101000 fe:01 1443610                        /home/sbtuser/.sbt/boot/scala-2.12.10/org.scala-sbt/sbt/1.3.5/ivy-2.3.0-sbt-88d6a93d15f9b029958c1c289a8859e8dfe31a19.jar
408d993000-408d996000 r--s 0001c000 fe:01 1443643                        /home/sbtuser/.sbt/boot/scala-2.12.10/org.scala-sbt/sbt/1.3.5/scalacache-core_2.12-0.20.0.jar
408d996000-408d998000 r--s 00002000 fe:01 1443661                        /home/sbtuser/.sbt/boot/scala-2.12.10/org.scala-sbt/sbt/1.3.5/util-control_2.12-1.3.3.jar
408d998000-408d9a7000 r--s 0014d000 fe:01 1443632                        /home/sbtuser/.sbt/boot/scala-2.12.10/org.scala-sbt/sbt/1.3.5/protobuf-java-3.7.0.jar
408d9a7000-408d9a9000 r--s 00011000 fe:01 1443646                        /home/sbtuser/.sbt/boot/scala-2.12.10/org.scala-sbt/sbt/1.3.5/scripted-sbt-redux_2.12-1.3.5.jar
408d9a9000-408d9af000 r--s 0003c000 fe:01 1443621                        /home/sbtuser/.sbt/boot/scala-2.12.10/org.scala-sbt/sbt/1.3.5/log4j-api-2.11.2.jar
408d9af000-408d9b1000 r--s 00003000 fe:01 1443672                        /home/sbtuser/.sbt/boot/scala-2.12.10/org.scala-sbt/sbt/1.3.5/zinc-compile_2.12-1.3.1.jar
408d9b1000-408d9b6000 r--s 00083000 fe:01 1443641                        /home/sbtuser/.sbt/boot/scala-2.12.10/org.scala-sbt/sbt/1.3.5/scala-xml_2.12-1.2.0.jar
408d9b6000-408d9b9000 r--s 00031000 fe:01 1443593                        /home/sbtuser/.sbt/boot/scala-2.12.10/org.scala-sbt/sbt/1.3.5/actions_2.12-1.3.5.jar
408d9b9000-408d9ba000 r--s 00005000 fe:01 1443657                        /home/sbtuser/.sbt/boot/scala-2.12.10/org.scala-sbt/sbt/1.3.5/test-agent-1.3.5.jar
408d9ba000-408d9bc000 r--s 00008000 fe:01 1443650                        /home/sbtuser/.sbt/boot/scala-2.12.10/org.scala-sbt/sbt/1.3.5/sjson-new-scalajson_2.12-0.8.2.jar
408d9bc000-408d9be000 r--s 00004000 fe:01 1443609                        /home/sbtuser/.sbt/boot/scala-2.12.10/org.scala-sbt/sbt/1.3.5/ipcsocket-1.0.0.jar
408d9be000-408d9c1000 r--s 00041000 fe:01 1443599                        /home/sbtuser/.sbt/boot/scala-2.12.10/org.scala-sbt/sbt/1.3.5/completion_2.12-1.3.5.jar
408d9c1000-408d9c5000 r--s 0015c000 fe:01 1443613                        /home/sbtuser/.sbt/boot/scala-2.12.10/org.scala-sbt/sbt/1.3.5/jna-4.5.0.jar
408d9c5000-408d9db000 r--s 000e0000 fe:01 1443594                        /home/sbtuser/.sbt/boot/scala-2.12.10/org.scala-sbt/sbt/1.3.5/caffeine-2.5.6.jar
408d9db000-408d9dd000 r--s 0000f000 fe:01 1443647                        /home/sbtuser/.sbt/boot/scala-2.12.10/org.scala-sbt/sbt/1.3.5/shaded-scalajson_2.12-1.0.0-M4.jar
408d9dd000-408d9ea000 r--s 001a6000 fe:01 1443644                        /home/sbtuser/.sbt/boot/scala-2.12.10/org.scala-sbt/sbt/1.3.5/scalapb-runtime_2.12-0.6.0.jar
408d9ea000-408d9ec000 r--s 0001a000 fe:01 1443654                        /home/sbtuser/.sbt/boot/scala-2.12.10/org.scala-sbt/sbt/1.3.5/task-system_2.12-1.3.5.jar
408d9ec000-408d9f0000 r--s 00033000 fe:01 1443639                        /home/sbtuser/.sbt/boot/scala-2.12.10/org.scala-sbt/sbt/1.3.5/scala-parser-combinators_2.12-1.1.2.jar
408d9f0000-408d9f1000 r--s 00000000 fe:01 1443634                        /home/sbtuser/.sbt/boot/scala-2.12.10/org.scala-sbt/sbt/1.3.5/reactive-streams-1.0.2.jar
408d9f1000-408d9f3000 r--s 00009000 fe:01 1443607                        /home/sbtuser/.sbt/boot/scala-2.12.10/org.scala-sbt/sbt/1.3.5/gigahorse-okhttp_2.12-0.5.0.jar
408d9f3000-408d9f5000 r--s 00017000 fe:01 1443669                        /home/sbtuser/.sbt/boot/scala-2.12.10/org.scala-sbt/sbt/1.3.5/zinc-classfile_2.12-1.3.1.jar
408d9f5000-408d9f7000 r--s 00007000 fe:01 1443617                        /home/sbtuser/.sbt/boot/scala-2.12.10/org.scala-sbt/sbt/1.3.5/lenses_2.12-0.4.12.jar
408d9f7000-408d9f8000 r--s 00000000 fe:01 1443656                        /home/sbtuser/.sbt/boot/scala-2.12.10/org.scala-sbt/sbt/1.3.5/template-resolver-0.1.jar
408d9f8000-408d9fb000 r--s 00035000 fe:01 1443597                        /home/sbtuser/.sbt/boot/scala-2.12.10/org.scala-sbt/sbt/1.3.5/compiler-bridge_2.12-1.3.1.jar
408d9fb000-408d9ff000 r--s 00041000 fe:01 1443663                        /home/sbtuser/.sbt/boot/scala-2.12.10/org.scala-sbt/sbt/1.3.5/util-logging_2.12-1.3.3.jar
408d9ff000-408ddff000 rw-p 00000000 00:00 0 
408ddff000-408de01000 r--s 00009000 fe:01 1443651                        /home/sbtuser/.sbt/boot/scala-2.12.10/org.scala-sbt/sbt/1.3.5/slf4j-api-1.7.26.jar
408de01000-408de03000 r--s 00024000 fe:01 1443668                        /home/sbtuser/.sbt/boot/scala-2.12.10/org.scala-sbt/sbt/1.3.5/zinc-apiinfo_2.12-1.3.1.jar
408de03000-408de05000 r--s 00011000 fe:01 1443611                        /home/sbtuser/.sbt/boot/scala-2.12.10/org.scala-sbt/sbt/1.3.5/jawn-parser_2.12-0.10.4.jar
408de05000-408de08000 r--s 00012000 fe:01 1443602                        /home/sbtuser/.sbt/boot/scala-2.12.10/org.scala-sbt/sbt/1.3.5/disruptor-3.4.2.jar
408de08000-408e008000 rw-p 00000000 00:00 0 
408e008000-408e011000 r--p 00000000 fe:01 1180233                        /usr/local/openjdk-8/jre/lib/amd64/libmanagement.so
408e011000-408e210000 ---p 00009000 fe:01 1180233                        /usr/local/openjdk-8/jre/lib/amd64/libmanagement.so
408e210000-408e211000 r--p 00008000 fe:01 1180233                        /usr/local/openjdk-8/jre/lib/amd64/libmanagement.so
408e211000-408e212000 rw-p 00009000 fe:01 1180233                        /usr/local/openjdk-8/jre/lib/amd64/libmanagement.so
408e212000-408e412000 rw-p 00000000 00:00 0 
408e412000-408e42d000 r--s 001d6000 fe:01 1180267                        /usr/local/openjdk-8/jre/lib/ext/nashorn.jar
408e42d000-408eded000 rw-p 00000000 00:00 0 
408eded000-408ee2d000 ---p 00000000 00:00 0 
408ee2d000-408ee40000 r--s 00346000 fe:01 1180299                        /usr/local/openjdk-8/jre/lib/resources.jar
408ee40000-408ee45000 r--s 000a3000 fe:01 1180286                        /usr/local/openjdk-8/jre/lib/jsse.jar
408ee45000-408ee47000 r--s 00016000 fe:01 1180284                        /usr/local/openjdk-8/jre/lib/jce.jar
408ee47000-408ee4c000 r--s 002f9000 fe:01 1180251                        /usr/local/openjdk-8/jre/lib/charsets.jar
408ee4c000-408ee4d000 r--s 0000d000 fe:01 1180268                        /usr/local/openjdk-8/jre/lib/ext/sunec.jar
408ee4d000-408ee57000 r--s 00116000 fe:01 1180265                        /usr/local/openjdk-8/jre/lib/ext/localedata.jar
408ee57000-408ee73000 r--s 00393000 fe:01 1180262                        /usr/local/openjdk-8/jre/lib/ext/cldrdata.jar
408ee73000-408ee74000 r--s 0000a000 fe:01 1180264                        /usr/local/openjdk-8/jre/lib/ext/jaccess.jar
408ee74000-408ee77000 r--s 00039000 fe:01 1180270                        /usr/local/openjdk-8/jre/lib/ext/sunpkcs11.jar
408ee77000-408ee7c000 r--s 0003c000 fe:01 1180269                        /usr/local/openjdk-8/jre/lib/ext/sunjce_provider.jar
408ee7c000-408ee7d000 r--s 00010000 fe:01 1180271                        /usr/local/openjdk-8/jre/lib/ext/zipfs.jar
408ee7d000-408ee7f000 r--s 00001000 fe:01 1180263                        /usr/local/openjdk-8/jre/lib/ext/dnsns.jar
ffffb28ca000-ffffb2cf3000 rw-p 00000000 00:00 0 
ffffb2cf4000-ffffb2d04000 rw-p 00000000 00:00 0 
ffffb2d05000-ffffb2d15000 rw-p 00000000 00:00 0 
ffffb2d16000-ffffb2d3e000 rw-p 00000000 00:00 0 
ffffb2d3f000-ffffb2d67000 rw-p 00000000 00:00 0 
ffffb2d68000-ffffb2d88000 rw-p 00000000 00:00 0 
ffffb2d89000-ffffb2db1000 rw-p 00000000 00:00 0 
ffffb2db2000-ffffb2dd2000 rw-p 00000000 00:00 0 
ffffb2dd3000-ffffb2dfb000 rw-p 00000000 00:00 0 
ffffb2dfc000-ffffb2e24000 rw-p 00000000 00:00 0 
ffffb2e25000-ffffb2e4d000 rw-p 00000000 00:00 0 
ffffb2e4e000-ffffb2f36000 rw-p 00000000 00:00 0 
ffffb2f37000-ffffb2f5f000 rw-p 00000000 00:00 0 
ffffb2f60000-ffffb2f90000 rw-p 00000000 00:00 0 
ffffb2f91000-ffffb2fa9000 rw-p 00000000 00:00 0 
ffffb2faa000-ffffb2fd2000 rw-p 00000000 00:00 0 
ffffb2fd3000-ffffb2feb000 rw-p 00000000 00:00 0 
ffffb2fec000-ffffb3004000 rw-p 00000000 00:00 0 
ffffb3005000-ffffb3035000 rw-p 00000000 00:00 0 
ffffb3036000-ffffb304e000 rw-p 00000000 00:00 0 
ffffb304f000-ffffb307f000 rw-p 00000000 00:00 0 
ffffb3080000-ffffb30a8000 rw-p 00000000 00:00 0 
ffffb30a9000-ffffb3119000 rw-p 00000000 00:00 0 
ffffb311a000-ffffb313a000 rw-p 00000000 00:00 0 
ffffb313b000-ffffb315b000 rw-p 00000000 00:00 0 
ffffb315c000-ffffb3184000 rw-p 00000000 00:00 0 
ffffb3185000-ffffb319d000 rw-p 00000000 00:00 0 
ffffb319e000-ffffb31a6000 rw-p 00000000 00:00 0 
ffffb31a7000-ffffb31bf000 rw-p 00000000 00:00 0 
ffffb31c0000-ffffb31e8000 rw-p 00000000 00:00 0 
ffffb31e9000-ffffb3259000 rw-p 00000000 00:00 0 
ffffb325a000-ffffb326a000 rw-p 00000000 00:00 0 
ffffb326b000-ffffb327b000 rw-p 00000000 00:00 0 
ffffb327c000-ffffb3294000 rw-p 00000000 00:00 0 
ffffb3295000-ffffb32b5000 rw-p 00000000 00:00 0 
ffffb32b6000-ffffb32de000 rw-p 00000000 00:00 0 
ffffb32df000-ffffb32ef000 rw-p 00000000 00:00 0 
ffffb32f0000-ffffb3300000 rw-p 00000000 00:00 0 
ffffb3301000-ffffb3311000 rw-p 00000000 00:00 0 
ffffb3312000-ffffb332a000 rw-p 00000000 00:00 0 
ffffb332b000-ffffb3343000 rw-p 00000000 00:00 0 
ffffb3344000-ffffb33c4000 rw-p 00000000 00:00 0 
ffffb33c5000-ffffb33fd000 rw-p 00000000 00:00 0 
ffffb33fe000-ffffb343e000 rw-p 00000000 00:00 0 
ffffb343f000-ffffb345f000 rw-p 00000000 00:00 0 
ffffb3460000-ffffb3470000 rw-p 00000000 00:00 0 
ffffb3471000-ffffb34a1000 rw-p 00000000 00:00 0 
ffffb34a2000-ffffb34c2000 rw-p 00000000 00:00 0 
ffffb34c3000-ffffb34fb000 rw-p 00000000 00:00 0 
ffffb34fc000-ffffb3544000 rw-p 00000000 00:00 0 
ffffb3545000-ffffb35ad000 rw-p 00000000 00:00 0 
ffffb35ae000-ffffb35de000 rw-p 00000000 00:00 0 
ffffb35df000-ffffb35f7000 rw-p 00000000 00:00 0 
ffffb35f8000-ffffb3630000 rw-p 00000000 00:00 0 
ffffb3631000-ffffb3671000 rw-p 00000000 00:00 0 
ffffb3672000-ffffb369a000 rw-p 00000000 00:00 0 
ffffb369b000-ffffb36d3000 rw-p 00000000 00:00 0 
ffffb36d4000-ffffb3704000 rw-p 00000000 00:00 0 
ffffb3705000-ffffb3775000 rw-p 00000000 00:00 0 
ffffb3776000-ffffb37c6000 rw-p 00000000 00:00 0 
ffffb37c7000-ffffb3807000 rw-p 00000000 00:00 0 
ffffb3808000-ffffb3830000 rw-p 00000000 00:00 0 
ffffb3831000-ffffb3889000 rw-p 00000000 00:00 0 
ffffb388a000-ffffb38c2000 rw-p 00000000 00:00 0 
ffffb38c3000-ffffb38eb000 rw-p 00000000 00:00 0 
ffffb38ec000-ffffb391c000 rw-p 00000000 00:00 0 
ffffb391d000-ffffb3925000 rw-p 00000000 00:00 0 
ffffb3926000-ffffb3936000 rw-p 00000000 00:00 0 
ffffb3937000-ffffb393f000 rw-p 00000000 00:00 0 
ffffb3940000-ffffb3950000 rw-p 00000000 00:00 0 
ffffb3951000-ffffb3959000 rw-p 00000000 00:00 0 
ffffb395a000-ffffb3962000 rw-p 00000000 00:00 0 
ffffb3963000-ffffb396b000 rw-p 00000000 00:00 0 
ffffb396c000-ffffb4124000 rw-p 00000000 00:00 0 
ffffb4124000-ffffb4126000 ---p 00000000 00:00 0 
ffffb4126000-ffffb45f7000 rw-p 00000000 00:00 0 
ffffb45f8000-ffffb4620000 rw-p 00000000 00:00 0 
ffffb4621000-ffffb4639000 rw-p 00000000 00:00 0 
ffffb4a2e000-ffffb4a49000 rw-p 00000000 00:00 0 
ffffb4a51000-ffffb4a59000 rw-p 00000000 00:00 0 
ffffb4a5b000-ffffb4a63000 rw-p 00000000 00:00 0 
ffffb4a64000-ffffb4a6c000 rw-p 00000000 00:00 0 
ffffb4a6d000-ffffb4a75000 rw-p 00000000 00:00 0 
ffffb4a76000-ffffb4a7e000 rw-p 00000000 00:00 0 
ffffb4a7f000-ffffb4a87000 rw-p 00000000 00:00 0 
ffffb4a89000-ffffb4a91000 rw-p 00000000 00:00 0 
ffffb4a92000-ffffb4a9a000 rw-p 00000000 00:00 0 
ffffb4a9b000-ffffb4aa3000 rw-p 00000000 00:00 0 
ffffb4aa4000-ffffb4aac000 rw-p 00000000 00:00 0 
ffffb4aad000-ffffb4ab5000 rw-p 00000000 00:00 0 
ffffb4ab6000-ffffb4abe000 rw-p 00000000 00:00 0 
ffffb4ac0000-ffffb4ac8000 rw-p 00000000 00:00 0 
ffffb4ac9000-ffffb4ad1000 rw-p 00000000 00:00 0 
ffffb4ad2000-ffffb4ada000 rw-p 00000000 00:00 0 
ffffb4adb000-ffffb4ae3000 rw-p 00000000 00:00 0 
ffffb4ae5000-ffffb4af5000 rw-p 00000000 00:00 0 
ffffb4af7000-ffffb4b07000 rw-p 00000000 00:00 0 
ffffb4b09000-ffffb4b11000 rw-p 00000000 00:00 0 
ffffb4b12000-ffffb4b1a000 rw-p 00000000 00:00 0 
ffffb4b1b000-ffffb4b23000 rw-p 00000000 00:00 0 
ffffb4b24000-ffffb4b2c000 rw-p 00000000 00:00 0 
ffffb4b2d000-ffffb4b35000 rw-p 00000000 00:00 0 
ffffb4b36000-ffffb4b3e000 rw-p 00000000 00:00 0 
ffffb4b3f000-ffffb4b47000 rw-p 00000000 00:00 0 
ffffb4b48000-ffffb4cc8000 rw-p 00000000 00:00 0 
ffffb4cc9000-ffffb4cd9000 rw-p 00000000 00:00 0 
ffffb4cda000-ffffb4ce2000 rw-p 00000000 00:00 0 
ffffb4ce3000-ffffb4cf3000 rw-p 00000000 00:00 0 
ffffb4cf4000-ffffb4cfc000 rw-p 00000000 00:00 0 
ffffb4cfd000-ffffb4d0d000 rw-p 00000000 00:00 0 
ffffb4d0e000-ffffb4d1e000 rw-p 00000000 00:00 0 
ffffb4d1f000-ffffb4d2f000 rw-p 00000000 00:00 0 
ffffb4d30000-ffffb4d40000 rw-p 00000000 00:00 0 
ffffb4d41000-ffffb4d51000 rw-p 00000000 00:00 0 
ffffb4d52000-ffffb4d62000 rw-p 00000000 00:00 0 
ffffb4d63000-ffffb4d6b000 rw-p 00000000 00:00 0 
ffffb4d6c000-ffffb4d7c000 rw-p 00000000 00:00 0 
ffffb4d7d000-ffffb4d8d000 rw-p 00000000 00:00 0 
ffffb4d8e000-ffffb4d9e000 rw-p 00000000 00:00 0 
ffffb4d9f000-ffffb4daf000 rw-p 00000000 00:00 0 
ffffb4db0000-ffffb4dc0000 rw-p 00000000 00:00 0 
ffffb4dc1000-ffffb4de1000 rw-p 00000000 00:00 0 
ffffb4de2000-ffffb4dfa000 rw-p 00000000 00:00 0 
ffffb4dfb000-ffffb4e13000 rw-p 00000000 00:00 0 
ffffb4e14000-ffffb4e2c000 rw-p 00000000 00:00 0 
ffffb4e2d000-ffffb4e45000 rw-p 00000000 00:00 0 
ffffb4e46000-ffffb4e56000 rw-p 00000000 00:00 0 
ffffb4e57000-ffffb4e6f000 rw-p 00000000 00:00 0 
ffffb4e70000-ffffb4e78000 rw-p 00000000 00:00 0 
ffffb4e79000-ffffb4e7a000 rw-p 00000000 00:00 0 
ffffb4e7c000-ffffb508c000 rw-p 00000000 00:00 0 
ffffb508d000-ffffb5095000 rw-p 00000000 00:00 0 
ffffb5097000-ffffb509f000 rw-p 00000000 00:00 0 
ffffb50a1000-ffffb50a9000 rw-p 00000000 00:00 0 
ffffb50aa000-ffffb50b2000 rw-p 00000000 00:00 0 
ffffb50b3000-ffffb513e000 rw-p 00000000 00:00 0 
ffffb513f000-ffffb5141000 ---p 00000000 00:00 0 
ffffb5141000-ffffb518b000 rw-p 00000000 00:00 0 
ffffb518c000-ffffb5194000 rw-p 00000000 00:00 0 
ffffb5195000-ffffb529d000 rw-p 00000000 00:00 0 
ffffb529d000-ffffb529f000 ---p 00000000 00:00 0 
ffffb529f000-ffffb542f000 rw-p 00000000 00:00 0 
ffffb542f000-ffffb5431000 ---p 00000000 00:00 0 
ffffb5431000-ffffb5512000 rw-p 00000000 00:00 0 
ffffb5512000-ffffb5514000 ---p 00000000 00:00 0 
ffffb5514000-ffffb5665000 rw-p 00000000 00:00 0 
ffffb5665000-ffffb5667000 ---p 00000000 00:00 0 
ffffb5667000-ffffb57c8000 rw-p 00000000 00:00 0 
ffffb57c8000-ffffb57ca000 ---p 00000000 00:00 0 
ffffb57ca000-ffffb5933000 rw-p 00000000 00:00 0 
ffffb5933000-ffffb5935000 ---p 00000000 00:00 0 
ffffb5935000-ffffb5ab4000 rw-p 00000000 00:00 0 
ffffb5ab5000-ffffb5ac5000 rw-p 00000000 00:00 0 
ffffb5ac6000-ffffb5ace000 rw-p 00000000 00:00 0 
ffffb5acf000-ffffb5b61000 rw-p 00000000 00:00 0 
ffffb5b61000-ffffb5b63000 ---p 00000000 00:00 0 
ffffb5b63000-ffffb5bba000 rw-p 00000000 00:00 0 
ffffb5bbb000-ffffb5bcb000 rw-p 00000000 00:00 0 
ffffb5bcc000-ffffb5bdc000 rw-p 00000000 00:00 0 
ffffb5bdd000-ffffb5bed000 rw-p 00000000 00:00 0 
ffffb5bee000-ffffb5bfe000 rw-p 00000000 00:00 0 
ffffb5bff000-ffffb5c97000 rw-p 00000000 00:00 0 
ffffb5c98000-ffffb5ca0000 rw-p 00000000 00:00 0 
ffffb5ca1000-ffffb5cb9000 rw-p 00000000 00:00 0 
ffffb5cba000-ffffb5cd2000 rw-p 00000000 00:00 0 
ffffb5cd5000-ffffb5de1000 rw-p 00000000 00:00 0 
ffffb5de3000-ffffb5deb000 rw-p 00000000 00:00 0 
ffffb5dec000-ffffb5df4000 rw-p 00000000 00:00 0 
ffffb5df5000-ffffb5dfd000 rw-p 00000000 00:00 0 
ffffb5dfe000-ffffb5e06000 rw-p 00000000 00:00 0 
ffffb5e07000-ffffb5e0f000 rw-p 00000000 00:00 0 
ffffb5e10000-ffffb5e18000 rw-p 00000000 00:00 0 
ffffb5e1a000-ffffb5e22000 rw-p 00000000 00:00 0 
ffffb5e23000-ffffb5e2b000 rw-p 00000000 00:00 0 
ffffb5e2c000-ffffb5e46000 rw-p 00000000 00:00 0 
ffffb5e47000-ffffb5e4f000 rw-p 00000000 00:00 0 
ffffb5e50000-ffffb5e58000 rw-p 00000000 00:00 0 
ffffb5e59000-ffffb5e69000 rw-p 00000000 00:00 0 
ffffb5e6a000-ffffb5e72000 rw-p 00000000 00:00 0 
ffffb5e73000-ffffb68c4000 rw-p 00000000 00:00 0 
ffffb68c4000-ffffb68c6000 ---p 00000000 00:00 0 
ffffb68c6000-ffffb690e000 rw-p 00000000 00:00 0 
ffffb690e000-ffffb6910000 ---p 00000000 00:00 0 
ffffb6910000-ffffb6967000 rw-p 00000000 00:00 0 
ffffb6967000-ffffb6969000 ---p 00000000 00:00 0 
ffffb6969000-ffffb69bd000 rw-p 00000000 00:00 0 
ffffb69bd000-ffffb69bf000 ---p 00000000 00:00 0 
ffffb69bf000-ffffb7352000 rw-p 00000000 00:00 0 
ffffb7352000-ffffb7354000 ---p 00000000 00:00 0 
ffffb7354000-ffffb7505000 rw-p 00000000 00:00 0 
ffffb7505000-ffffbf504000 rwxp 00000000 00:00 0 
ffffbf504000-ffffbf505000 ---p 00000000 00:00 0 
ffffbf505000-ffffbf50f000 rw-p 00000000 00:00 0 
ffffbf50f000-ffffbf519000 rw-p 00000000 00:00 0 
ffffbf519000-ffffbf51b000 ---p 00000000 00:00 0 
ffffbf51b000-ffffbf630000 rw-p 00000000 00:00 0 
ffffbf630000-ffffbf632000 ---p 00000000 00:00 0 
ffffbf632000-ffffbf654000 rw-p 00000000 00:00 0 
ffffbf654000-ffffbf656000 r--p 00000000 00:00 0                          [vvar]
ffffbf656000-ffffbf657000 r-xp 00000000 00:00 0                          [vdso]
ffffe99d5000-ffffe99f6000 rw-p 00000000 00:00 0                          [stack]

VM Arguments:
jvm_args: -Dfile.encoding=UTF-8 -Xms1024m -Xmx1024m -Xss4M -XX:ReservedCodeCacheSize=128m 
java_command: /usr/share/sbt/bin/sbt-launch.jar run
java_class_path (initial): /usr/share/sbt/bin/sbt-launch.jar
Launcher Type: SUN_STANDARD

Environment Variables:
JAVA_HOME=/usr/local/openjdk-8
PATH=/usr/local/openjdk-8/bin:/usr/local/sbin:/usr/local/bin:/usr/sbin:/usr/bin:/sbin:/bin

Signal Handlers:
SIGSEGV: [libjvm.so+0xa4c9c0], sa_mask[0]=11111111111111111111111111111110, sa_flags=SA_RESTART|SA_SIGINFO
SIGBUS: [libjvm.so+0xa4c9c0], sa_mask[0]=11111111111111111111111111111110, sa_flags=SA_RESTART|SA_SIGINFO
SIGFPE: [libjvm.so+0x8b51e0], sa_mask[0]=11111111111111111111111111111110, sa_flags=SA_RESTART|SA_SIGINFO
SIGPIPE: [libjvm.so+0x8b51e0], sa_mask[0]=11111111111111111111111111111110, sa_flags=SA_RESTART|SA_SIGINFO
SIGXFSZ: [libjvm.so+0x8b51e0], sa_mask[0]=11111111111111111111111111111110, sa_flags=SA_RESTART|SA_SIGINFO
SIGILL: [libjvm.so+0x8b51e0], sa_mask[0]=11111111111111111111111111111110, sa_flags=SA_RESTART|SA_SIGINFO
SIGUSR1: SIG_DFL, sa_mask[0]=00000000000000000000000000000000, sa_flags=none
SIGUSR2: [libjvm.so+0x8b6990], sa_mask[0]=00000000000000000000000000000000, sa_flags=SA_RESTART|SA_SIGINFO
SIGHUP: [libjvm.so+0x8b83c0], sa_mask[0]=11111111111111111111111111111110, sa_flags=SA_RESTART|SA_SIGINFO
SIGINT: [libjvm.so+0x8b83c0], sa_mask[0]=11111111111111111111111111111110, sa_flags=SA_RESTART|SA_SIGINFO
SIGTERM: [libjvm.so+0x8b83c0], sa_mask[0]=11111111111111111111111111111110, sa_flags=SA_RESTART|SA_SIGINFO
SIGQUIT: [libjvm.so+0x8b83c0], sa_mask[0]=11111111111111111111111111111110, sa_flags=SA_RESTART|SA_SIGINFO


---------------  S Y S T E M  ---------------

OS:PRETTY_NAME="Debian GNU/Linux 9 (stretch)"
NAME="Debian GNU/Linux"
VERSION_ID="9"
VERSION="9 (stretch)"
VERSION_CODENAME=stretch
ID=debian
HOME_URL="https://www.debian.org/"
SUPPORT_URL="https://www.debian.org/support"
BUG_REPORT_URL="https://bugs.debian.org/"

uname:Linux 5.10.76-linuxkit #1 SMP PREEMPT Mon Nov 8 11:22:26 UTC 2021 x86_64
libc:glibc 2.24 NPTL 2.24 
rlimit: STACK 8192k, CORE 0k, NPROC infinity, NOFILE 1048576, AS infinity
load average:0.67 1.46 1.52

/proc/meminfo:
MemTotal:        2036420 kB
MemFree:          510740 kB
MemAvailable:     816308 kB
Buffers:           13536 kB
Cached:           539656 kB
SwapCached:         3108 kB
Active:           307236 kB
Inactive:        1100408 kB
Active(anon):      86708 kB
Inactive(anon):   972296 kB
Active(file):     220528 kB
Inactive(file):   128112 kB
Unevictable:           0 kB
Mlocked:               0 kB
SwapTotal:       1048572 kB
SwapFree:         898760 kB
Dirty:                92 kB
Writeback:             0 kB
AnonPages:        851068 kB
Mapped:           136352 kB
Shmem:            204552 kB
KReclaimable:      37760 kB
Slab:              71996 kB
SReclaimable:      37760 kB
SUnreclaim:        34236 kB
KernelStack:        8656 kB
PageTables:         6340 kB
NFS_Unstable:          0 kB
Bounce:                0 kB
WritebackTmp:          0 kB
CommitLimit:     2066780 kB
Committed_AS:    5673140 kB
VmallocTotal:   135290159040 kB
VmallocUsed:       11048 kB
VmallocChunk:          0 kB
Percpu:             2304 kB
AnonHugePages:    161792 kB
ShmemHugePages:        0 kB
ShmemPmdMapped:        0 kB
FileHugePages:         0 kB
FilePmdMapped:         0 kB
HugePages_Total:       0
HugePages_Free:        0
HugePages_Rsvd:        0
HugePages_Surp:        0
Hugepagesize:       2048 kB
Hugetlb:               0 kB


CPU:total 4 (initial active 4) (1 cores per cpu, 1 threads per core) family 15 model 107 stepping 1, cmov, cx8, fxsr, mmx, sse, sse2, sse3, ssse3, sse4.1, sse4.2, popcnt, aes, clmul, erms, mmxext, 3dnowpref, lzcnt, tsc, bmi1

/proc/cpuinfo:
processor	: 0
BogoMIPS	: 48.00
Features	: fp asimd evtstrm aes pmull sha1 sha2 crc32 atomics fphp asimdhp cpuid asimdrdm jscvt fcma lrcpc dcpop sha3 asimddp sha512 asimdfhm dit uscat ilrcpc flagm sb paca pacg dcpodp flagm2 frint
CPU implementer	: 0x00
CPU architecture: 8
CPU variant	: 0x0
CPU part	: 0x000
CPU revision	: 0

processor	: 1
BogoMIPS	: 48.00
Features	: fp asimd evtstrm aes pmull sha1 sha2 crc32 atomics fphp asimdhp cpuid asimdrdm jscvt fcma lrcpc dcpop sha3 asimddp sha512 asimdfhm dit uscat ilrcpc flagm sb paca pacg dcpodp flagm2 frint
CPU implementer	: 0x00
CPU architecture: 8
CPU variant	: 0x0
CPU part	: 0x000
CPU revision	: 0

processor	: 2
BogoMIPS	: 48.00
Features	: fp asimd evtstrm aes pmull sha1 sha2 crc32 atomics fphp asimdhp cpuid asimdrdm jscvt fcma lrcpc dcpop sha3 asimddp sha512 asimdfhm dit uscat ilrcpc flagm sb paca pacg dcpodp flagm2 frint
CPU implementer	: 0x00
CPU architecture: 8
CPU variant	: 0x0
CPU part	: 0x000
CPU revision	: 0

processor	: 3
BogoMIPS	: 48.00
Features	: fp asimd evtstrm aes pmull sha1 sha2 crc32 atomics fphp asimdhp cpuid asimdrdm jscvt fcma lrcpc dcpop sha3 asimddp sha512 asimdfhm dit uscat ilrcpc flagm sb paca pacg dcpodp flagm2 frint
CPU implementer	: 0x00
CPU architecture: 8
CPU variant	: 0x0
CPU part	: 0x000
CPU revision	: 0



Memory: 4k page, physical 2036420k(511176k free), swap 1048572k(898760k free)

vm_info: OpenJDK 64-Bit Server VM (25.222-b10) for linux-amd64 JRE (1.8.0_222-b10), built on Jul 11 2019 10:18:43 by "openjdk" with gcc 4.4.7 20120313 (Red Hat 4.4.7-23)

time: Sun Dec 26 09:44:32 2021
timezone: UTC
elapsed time: 10 seconds (0d 0h 0m 10s)

