[0m2021.12.26 17:44:19 INFO  Started: Metals version 0.10.9 in workspace '/Users/kimdongjin/project/scala-angular-graphql' for client Visual Studio Code 1.63.0.[0m
[0m2021.12.26 17:44:20 INFO  time: initialize in 0.84s[0m
[0m2021.12.26 17:44:20 WARN  Build server is not auto-connectable.[0m
[0m2021.12.26 17:44:20 WARN  no build tool detected in workspace '/Users/kimdongjin/project/scala-angular-graphql'. The most common cause for this problem is that the editor was opened in the wrong working directory, for example if you use sbt then the workspace directory should contain build.sbt. [0m
[0m2021.12.26 17:44:21 WARN  no build target for: /Users/kimdongjin/project/scala-angular-graphql/back/build.sbt[0m
[0m2021.12.26 17:44:22 INFO  no build target: using presentation compiler with only scala-library: 3.1.0[0m
[0m2021.12.26 17:44:23 INFO  time: code lens generation in 2.64s[0m
[0m2021.12.26 17:44:25 WARN  no build target for: /Users/kimdongjin/project/scala-angular-graphql/back/project/plugins.sbt[0m
[0m2021.12.26 17:44:37 WARN  no build target for: /Users/kimdongjin/project/scala-angular-graphql/back/project/plugins.sbt[0m
[0m2021.12.26 17:46:51 WARN  no build target for: /Users/kimdongjin/project/scala-angular-graphql/back/build.sbt[0m
12月 26, 2021 5:58:32 午後 org.eclipse.lsp4j.jsonrpc.services.GenericEndpoint notify
情報: Unsupported notification method: $/setTrace
12月 26, 2021 5:58:32 午後 org.eclipse.lsp4j.jsonrpc.services.GenericEndpoint notify
情報: Unsupported notification method: $/setTrace
12月 26, 2021 5:58:32 午後 org.eclipse.lsp4j.jsonrpc.services.GenericEndpoint notify
情報: Unsupported notification method: $/setTrace
12月 26, 2021 5:58:32 午後 org.eclipse.lsp4j.jsonrpc.services.GenericEndpoint notify
情報: Unsupported notification method: $/setTrace
12月 26, 2021 5:58:32 午後 org.eclipse.lsp4j.jsonrpc.services.GenericEndpoint notify
情報: Unsupported notification method: $/setTrace
12月 26, 2021 5:58:32 午後 org.eclipse.lsp4j.jsonrpc.services.GenericEndpoint notify
情報: Unsupported notification method: $/setTrace
12月 26, 2021 5:58:32 午後 org.eclipse.lsp4j.jsonrpc.services.GenericEndpoint notify
情報: Unsupported notification method: $/setTrace
12月 26, 2021 5:58:32 午後 org.eclipse.lsp4j.jsonrpc.services.GenericEndpoint notify
情報: Unsupported notification method: $/setTrace
12月 26, 2021 5:58:32 午後 org.eclipse.lsp4j.jsonrpc.services.GenericEndpoint notify
情報: Unsupported notification method: $/setTrace
12月 26, 2021 5:58:32 午後 org.eclipse.lsp4j.jsonrpc.services.GenericEndpoint notify
情報: Unsupported notification method: $/setTrace
12月 26, 2021 5:58:33 午後 org.eclipse.lsp4j.jsonrpc.services.GenericEndpoint notify
情報: Unsupported notification method: $/setTrace
12月 26, 2021 5:58:37 午後 org.eclipse.lsp4j.jsonrpc.services.GenericEndpoint notify
情報: Unsupported notification method: $/setTrace
[0m2021.12.26 18:07:56 WARN  no build target for: /Users/kimdongjin/project/scala-angular-graphql/back/project/plugins.sbt[0m
[0m2021.12.26 18:07:57 WARN  no build target for: /Users/kimdongjin/project/scala-angular-graphql/back/build.sbt[0m
[0m2021.12.26 18:08:06 WARN  no build target for: /Users/kimdongjin/project/scala-angular-graphql/back/project/plugins.sbt[0m
[0m2021.12.26 18:08:21 WARN  no build target for: /Users/kimdongjin/project/scala-angular-graphql/back/build.sbt[0m
[0m2021.12.26 18:08:24 WARN  no build target for: /Users/kimdongjin/project/scala-angular-graphql/back/build.sbt[0m
[0m2021.12.26 18:50:09 WARN  no build target for: /Users/kimdongjin/project/scala-angular-graphql/back/build.sbt[0m
[0m2021.12.26 18:56:26 WARN  no build target for: /Users/kimdongjin/project/scala-angular-graphql/back/project/plugins.sbt[0m
[0m2021.12.26 19:06:18 WARN  no build target for: /Users/kimdongjin/project/scala-angular-graphql/back/build.sbt[0m
[0m2021.12.27 08:19:20 INFO  shutting down Metals[0m
[0m2021.12.28 22:30:17 INFO  Started: Metals version 0.10.9 in workspace '/Users/kimdongjin/project/scala-angular-graphql' for client Visual Studio Code 1.63.0.[0m
[0m2021.12.28 22:30:18 INFO  time: initialize in 0.87s[0m
[0m2021.12.28 22:30:18 WARN  Build server is not auto-connectable.[0m
[0m2021.12.28 22:30:18 WARN  no build tool detected in workspace '/Users/kimdongjin/project/scala-angular-graphql'. The most common cause for this problem is that the editor was opened in the wrong working directory, for example if you use sbt then the workspace directory should contain build.sbt. [0m
[0m2021.12.28 22:30:18 WARN  no build target for: /Users/kimdongjin/project/scala-angular-graphql/back/build.sbt[0m
[0m2021.12.28 22:30:20 INFO  no build target: using presentation compiler with only scala-library: 3.1.0[0m
[0m2021.12.28 22:30:21 INFO  time: code lens generation in 2.73s[0m
[0m2021.12.28 22:30:21 WARN  no build target for: /Users/kimdongjin/project/scala-angular-graphql/back/build.sbt[0m
[0m2021.12.28 22:31:25 WARN  no build target for: /Users/kimdongjin/project/scala-angular-graphql/back/app/controllers/Application.scala[0m
[0m2021.12.28 22:31:43 WARN  no build target for: /Users/kimdongjin/project/scala-angular-graphql/back/app/models/Data.scala[0m
[0m2021.12.28 22:31:43 WARN  no build target for: /Users/kimdongjin/project/scala-angular-graphql/back/app/models/SchemaDefinition.scala[0m
[0m2021.12.28 22:31:53 WARN  no build target for: /Users/kimdongjin/project/scala-angular-graphql/back/app/controllers/Application.scala[0m
[0m2021.12.28 22:32:23 WARN  no build target for: /Users/kimdongjin/project/scala-angular-graphql/back/app/models/Data.scala[0m
[0m2021.12.28 22:32:49 WARN  no build target for: /Users/kimdongjin/project/scala-angular-graphql/back/app/models/Data.scala[0m
[0m2021.12.28 22:32:49 WARN  no build target for: /Users/kimdongjin/project/scala-angular-graphql/back/app/models/SchemaDefinition.scala[0m
[0m2021.12.28 22:32:50 WARN  no build target for: /Users/kimdongjin/project/scala-angular-graphql/back/app/models/Data.scala[0m
[0m2021.12.28 22:32:53 WARN  no build target for: /Users/kimdongjin/project/scala-angular-graphql/back/app/models/SchemaDefinition.scala[0m
[0m2021.12.28 22:33:05 WARN  no build target for: /Users/kimdongjin/project/scala-angular-graphql/back/app/models/Data.scala[0m
[0m2021.12.28 22:35:53 WARN  no build target for: /Users/kimdongjin/project/scala-angular-graphql/back/build.sbt[0m
[0m2021.12.28 22:35:56 WARN  no build target for: /Users/kimdongjin/project/scala-angular-graphql/back/build.sbt[0m
[0m2021.12.28 22:35:58 WARN  no build target for: /Users/kimdongjin/project/scala-angular-graphql/back/build.sbt[0m
[0m2021.12.28 22:35:59 WARN  no build target for: /Users/kimdongjin/project/scala-angular-graphql/back/build.sbt[0m
[0m2021.12.28 22:36:02 WARN  no build target for: /Users/kimdongjin/project/scala-angular-graphql/back/build.sbt[0m
[0m2021.12.28 22:36:12 WARN  no build target for: /Users/kimdongjin/project/scala-angular-graphql/back/build.sbt[0m
[0m2021.12.28 22:36:12 WARN  no build target for: /Users/kimdongjin/project/scala-angular-graphql/back/build.sbt[0m
[0m2021.12.28 22:36:12 WARN  no build target for: /Users/kimdongjin/project/scala-angular-graphql/back/build.sbt[0m
[0m2021.12.28 22:36:14 WARN  no build target for: /Users/kimdongjin/project/scala-angular-graphql/back/build.sbt[0m
[0m2021.12.28 22:45:26 WARN  no build target for: /Users/kimdongjin/project/scala-angular-graphql/back/build.sbt[0m
[0m2021.12.28 22:45:26 WARN  no build target for: /Users/kimdongjin/project/scala-angular-graphql/back/build.sbt[0m
[0m2021.12.28 22:45:30 WARN  no build target for: /Users/kimdongjin/project/scala-angular-graphql/back/build.sbt[0m
[0m2021.12.28 22:45:30 WARN  no build target for: /Users/kimdongjin/project/scala-angular-graphql/back/build.sbt[0m
[0m2021.12.28 22:45:30 WARN  no build target for: /Users/kimdongjin/project/scala-angular-graphql/back/build.sbt[0m
[0m2021.12.28 22:47:10 WARN  no build target for: /Users/kimdongjin/project/scala-angular-graphql/back/build.sbt[0m
[0m2021.12.28 22:47:13 WARN  no build target for: /Users/kimdongjin/project/scala-angular-graphql/back/build.sbt[0m
[0m2021.12.28 22:48:34 WARN  no build target for: /Users/kimdongjin/project/scala-angular-graphql/back/build.sbt[0m
[0m2021.12.28 22:48:36 WARN  no build target for: /Users/kimdongjin/project/scala-angular-graphql/back/build.sbt[0m
[0m2021.12.28 22:48:38 WARN  no build target for: /Users/kimdongjin/project/scala-angular-graphql/back/build.sbt[0m
[0m2021.12.28 22:53:18 WARN  no build target for: /Users/kimdongjin/project/scala-angular-graphql/back/build.sbt[0m
[0m2021.12.28 23:29:56 WARN  no build target for: /Users/kimdongjin/project/scala-angular-graphql/back/app/models/SchemaDefinition.scala[0m
[0m2021.12.28 23:29:57 WARN  no build target for: /Users/kimdongjin/project/scala-angular-graphql/back/app/models/Data.scala[0m
[0m2021.12.28 23:29:58 WARN  no build target for: /Users/kimdongjin/project/scala-angular-graphql/back/app/models/SchemaDefinition.scala[0m
[0m2021.12.28 23:29:58 WARN  no build target for: /Users/kimdongjin/project/scala-angular-graphql/back/app/models/Data.scala[0m
[0m2021.12.28 23:29:59 WARN  no build target for: /Users/kimdongjin/project/scala-angular-graphql/back/app/models/SchemaDefinition.scala[0m
[0m2021.12.28 23:35:55 WARN  no build target for: /Users/kimdongjin/project/scala-angular-graphql/back/app/models/Data.scala[0m
[0m2021.12.28 23:41:06 WARN  no build target for: /Users/kimdongjin/project/scala-angular-graphql/back/app/models/SchemaDefinition.scala[0m
[0m2021.12.29 00:01:26 WARN  no build target for: /Users/kimdongjin/project/scala-angular-graphql/back/project/plugins.sbt[0m
[0m2021.12.29 00:11:27 WARN  no build target for: /Users/kimdongjin/project/scala-angular-graphql/back/app/models/Data.scala[0m
[0m2021.12.29 00:11:27 WARN  no build target for: /Users/kimdongjin/project/scala-angular-graphql/back/app/models/SchemaDefinition.scala[0m
[0m2021.12.29 00:11:29 WARN  no build target for: /Users/kimdongjin/project/scala-angular-graphql/back/app/models/Data.scala[0m
[0m2021.12.29 00:12:02 WARN  no build target for: /Users/kimdongjin/project/scala-angular-graphql/back/app/models/SchemaDefinition.scala[0m
[0m2021.12.29 00:12:09 WARN  no build target for: /Users/kimdongjin/project/scala-angular-graphql/back/app/models/Data.scala[0m
[0m2021.12.29 00:12:13 WARN  no build target for: /Users/kimdongjin/project/scala-angular-graphql/back/app/models/SchemaDefinition.scala[0m
[0m2021.12.29 01:12:26 WARN  no build target for: /Users/kimdongjin/project/scala-angular-graphql/back/build.sbt[0m
[0m2021.12.29 01:12:51 WARN  no build target for: /Users/kimdongjin/project/scala-angular-graphql/back/build.sbt[0m
[0m2021.12.29 01:14:02 WARN  no build target for: /Users/kimdongjin/project/scala-angular-graphql/back/build.sbt[0m
[0m2021.12.29 01:15:23 WARN  no build target for: /Users/kimdongjin/project/scala-angular-graphql/back/build.sbt[0m
[0m2021.12.29 01:16:54 WARN  no build target for: /Users/kimdongjin/project/scala-angular-graphql/back/app/models/Data.scala[0m
[0m2021.12.29 01:16:55 WARN  no build target for: /Users/kimdongjin/project/scala-angular-graphql/back/app/models/SchemaDefinition.scala[0m
[0m2022.01.03 15:12:55 INFO  Started: Metals version 0.10.9 in workspace '/Users/kimdongjin/project/scala-angular-graphql' for client Visual Studio Code 1.63.0.[0m
[0m2022.01.03 15:12:56 INFO  time: initialize in 1.66s[0m
[0m2022.01.03 15:13:00 WARN  Build server is not auto-connectable.[0m
[0m2022.01.03 15:13:00 WARN  no build tool detected in workspace '/Users/kimdongjin/project/scala-angular-graphql'. The most common cause for this problem is that the editor was opened in the wrong working directory, for example if you use sbt then the workspace directory should contain build.sbt. [0m
[0m2022.01.03 15:13:01 WARN  no build target for: /Users/kimdongjin/project/scala-angular-graphql/back/app/models/SchemaDefinition.scala[0m
[0m2022.01.03 15:13:06 INFO  no build target: using presentation compiler with only scala-library: 3.1.0[0m
[0m2022.01.03 15:13:10 INFO  time: code lens generation in 9.17s[0m
[0m2022.01.10 10:27:53 INFO  shutting down Metals[0m
[0m2022.01.10 13:11:40 INFO  Started: Metals version 0.10.9 in workspace '/Users/kimdongjin/project/scala-angular-graphql' for client Visual Studio Code 1.63.2.[0m
[0m2022.01.10 13:11:41 INFO  time: initialize in 1.06s[0m
[0m2022.01.10 13:11:41 WARN  Build server is not auto-connectable.[0m
[0m2022.01.10 13:11:41 WARN  no build tool detected in workspace '/Users/kimdongjin/project/scala-angular-graphql'. The most common cause for this problem is that the editor was opened in the wrong working directory, for example if you use sbt then the workspace directory should contain build.sbt. [0m
[0m2022.01.10 13:11:41 WARN  no build target for: /Users/kimdongjin/project/scala-angular-graphql/back/app/models/SchemaDefinition.scala[0m
[0m2022.01.10 13:11:47 INFO  no build target: using presentation compiler with only scala-library: 3.1.0[0m
[0m2022.01.10 13:11:50 INFO  time: code lens generation in 6.78s[0m
[0m2022.01.10 13:11:50 INFO  time: code lens generation in 6.87s[0m
